####<May 20, 2016 1:50:10 PM CEST> <Info> <Security> <slaskawi> <> <main> <> <> <> <1463745010124> <[severity-value: 64] [partition-id: 0] [partition-name: DOMAIN] > <BEA-090905> <Disabling the CryptoJ JCE Provider self-integrity check for better startup performance. To enable this check, specify -Dweblogic.security.allowCryptoJDefaultJCEVerification=true.> 
####<May 20, 2016 1:50:10 PM CEST> <Info> <Security> <slaskawi> <> <main> <> <> <> <1463745010742> <[severity-value: 64] [partition-id: 0] [partition-name: DOMAIN] > <BEA-090906> <Changing the default Random Number Generator in RSA CryptoJ from ECDRBG128 to HMACDRBG. To disable this change, specify -Dweblogic.security.allowCryptoJDefaultPRNG=true.> 
####<May 20, 2016 1:50:10 PM CEST> <Info> <WebLogicServer> <slaskawi> <> <Thread-7> <> <> <> <1463745010947> <[severity-value: 64] [partition-id: 0] [partition-name: DOMAIN] > <BEA-000377> <Starting WebLogic Server with Java HotSpot(TM) 64-Bit Server VM Version 25.77-b03 from Oracle Corporation.> 
####<May 20, 2016 1:50:10 PM CEST> <Info> <RCM> <slaskawi> <> <Thread-5> <> <> <> <1463745010991> <[severity-value: 64] [partition-id: 0] [partition-name: DOMAIN] > <BEA-2165021> <"ResourceManagement" is not enabled in this JVM. Enable "ResourceManagement" to use the WebLogic Server "Resource Consumption Management" feature. To enable "ResourceManagement", you must specify the following JVM options in the WebLogic Server instance in which the JVM runs: -XX:+UnlockCommercialFeatures -XX:+ResourceManagement.> 
####<May 20, 2016 1:50:11 PM CEST> <Info> <Management> <slaskawi> <> <Thread-9> <> <> <> <1463745011089> <[severity-value: 64] [partition-id: 0] [partition-name: DOMAIN] > <BEA-141107> <Version: WebLogic Server 12.2.1.0.0 Tue Oct  6 10:05:47 PDT 2015 1721936> 
####<May 20, 2016 1:50:11 PM CEST> <Notice> <WebLogicServer> <slaskawi> <> <Thread-5> <> <> <> <1463745011844> <[severity-value: 32] [partition-id: 0] [partition-name: DOMAIN] > <BEA-000365> <Server state changed to STARTING.> 
####<May 20, 2016 1:50:11 PM CEST> <Info> <WorkManager> <slaskawi> <> <Thread-5> <> <> <> <1463745011859> <[severity-value: 64] [partition-id: 0] [partition-name: DOMAIN] > <BEA-002900> <Initializing self-tuning thread pool.> 
####<May 20, 2016 1:50:11 PM CEST> <Info> <WorkManager> <slaskawi> <> <[ACTIVE] ExecuteThread: '0' for queue: 'weblogic.kernel.Default (self-tuning)'> <> <> <> <1463745011881> <[severity-value: 64] [partition-id: 0] [partition-name: DOMAIN] > <BEA-002942> <CMM memory level becomes 0. Setting standby thread pool size to 256.> 
####<May 20, 2016 1:50:11 PM CEST> <Info> <WebLogicServer> <slaskawi> <> <Thread-5> <> <> <> <1463745011893> <[severity-value: 64] [partition-id: 0] [partition-name: DOMAIN] > <BEA-000214> <WebLogic Server "AdminServer" version:
WebLogic Server 12.2.1.0.0 Tue Oct  6 10:05:47 PDT 2015 1721936 Copyright (c) 1995,2015, Oracle and/or its affiliates. All rights reserved.> 
####<May 20, 2016 1:50:11 PM CEST> <Info> <Server> <slaskawi> <> <Thread-8> <> <> <> <1463745011905> <[severity-value: 64] [partition-id: 0] [partition-name: DOMAIN] > <BEA-002622> <The protocol "t3" is now configured.> 
####<May 20, 2016 1:50:11 PM CEST> <Info> <Server> <slaskawi> <> <Thread-8> <> <> <> <1463745011906> <[severity-value: 64] [partition-id: 0] [partition-name: DOMAIN] > <BEA-002622> <The protocol "t3s" is now configured.> 
####<May 20, 2016 1:50:11 PM CEST> <Info> <Server> <slaskawi> <> <Thread-8> <> <> <> <1463745011906> <[severity-value: 64] [partition-id: 0] [partition-name: DOMAIN] > <BEA-002622> <The protocol "http" is now configured.> 
####<May 20, 2016 1:50:11 PM CEST> <Info> <Server> <slaskawi> <> <Thread-8> <> <> <> <1463745011906> <[severity-value: 64] [partition-id: 0] [partition-name: DOMAIN] > <BEA-002622> <The protocol "https" is now configured.> 
####<May 20, 2016 1:50:11 PM CEST> <Info> <Server> <slaskawi> <> <Thread-8> <> <> <> <1463745011907> <[severity-value: 64] [partition-id: 0] [partition-name: DOMAIN] > <BEA-002622> <The protocol "iiop" is now configured.> 
####<May 20, 2016 1:50:11 PM CEST> <Info> <Server> <slaskawi> <> <Thread-8> <> <> <> <1463745011908> <[severity-value: 64] [partition-id: 0] [partition-name: DOMAIN] > <BEA-002622> <The protocol "iiops" is now configured.> 
####<May 20, 2016 1:50:11 PM CEST> <Info> <Server> <slaskawi> <> <Thread-8> <> <> <> <1463745011908> <[severity-value: 64] [partition-id: 0] [partition-name: DOMAIN] > <BEA-002622> <The protocol "ldap" is now configured.> 
####<May 20, 2016 1:50:11 PM CEST> <Info> <Server> <slaskawi> <> <Thread-8> <> <> <> <1463745011908> <[severity-value: 64] [partition-id: 0] [partition-name: DOMAIN] > <BEA-002622> <The protocol "ldaps" is now configured.> 
####<May 20, 2016 1:50:11 PM CEST> <Info> <Server> <slaskawi> <> <Thread-8> <> <> <> <1463745011909> <[severity-value: 64] [partition-id: 0] [partition-name: DOMAIN] > <BEA-002622> <The protocol "cluster" is now configured.> 
####<May 20, 2016 1:50:11 PM CEST> <Info> <Server> <slaskawi> <> <Thread-8> <> <> <> <1463745011909> <[severity-value: 64] [partition-id: 0] [partition-name: DOMAIN] > <BEA-002622> <The protocol "clusters" is now configured.> 
####<May 20, 2016 1:50:11 PM CEST> <Info> <Server> <slaskawi> <> <Thread-8> <> <> <> <1463745011911> <[severity-value: 64] [partition-id: 0] [partition-name: DOMAIN] > <BEA-002622> <The protocol "snmp" is now configured.> 
####<May 20, 2016 1:50:11 PM CEST> <Info> <Server> <slaskawi> <> <Thread-8> <> <> <> <1463745011911> <[severity-value: 64] [partition-id: 0] [partition-name: DOMAIN] > <BEA-002622> <The protocol "admin" is now configured.> 
####<May 20, 2016 1:50:11 PM CEST> <Info> <Server> <slaskawi> <> <Thread-8> <> <> <> <1463745011911> <[severity-value: 64] [partition-id: 0] [partition-name: DOMAIN] > <BEA-002624> <The administration protocol is "t3s" and is now configured.> 
####<May 20, 2016 1:50:11 PM CEST> <Info> <RJVM> <slaskawi> <> <Thread-8> <> <> <> <1463745011922> <[severity-value: 64] [partition-id: 0] [partition-name: DOMAIN] > <BEA-000570> <Network Configuration for Channel "AdminServer"
 Listen Address		 :7001
 Public Address		 N/A
 Http Enabled		 true
 Tunneling Enabled	 false
 Outbound Enabled	 false
 Admin Traffic Enabled	 true ResolveDNSName Enabled	 false> 
####<May 20, 2016 1:50:11 PM CEST> <Debug> <RJVM> <slaskawi> <> <Thread-8> <> <> <> <1463745011922> <[severity-value: 128] [partition-id: 0] [partition-name: DOMAIN] > <BEA-000571> <Network Configuration Detail for Channel "AdminServer"
 Channel Weight		 50
 Accept Backlog		 300
 Login Timeout		 5000ms
 Max Message Size	 10000000
 Message Timeout	 60s
 Idle Timeout		 65s
 Tunneling Timeout	 40s
 Tunneling Ping		 45s> 
####<May 20, 2016 1:50:11 PM CEST> <Info> <Server> <slaskawi> <> <Thread-8> <> <> <> <1463745011939> <[severity-value: 64] [partition-id: 0] [partition-name: DOMAIN] > <BEA-002609> <Channel Service initialized.> 
####<May 20, 2016 1:50:12 PM CEST> <Info> <XML> <slaskawi> <> <[STANDBY] ExecuteThread: '3' for queue: 'weblogic.kernel.Default (self-tuning)'> <> <> <> <1463745012130> <[severity-value: 64] [partition-id: 0] [partition-name: DOMAIN] > <BEA-130036> <Initializing XMLRegistry> 
####<May 20, 2016 1:50:12 PM CEST> <Info> <Socket> <slaskawi> <> <[STANDBY] ExecuteThread: '1' for queue: 'weblogic.kernel.Default (self-tuning)'> <> <> <> <1463745012145> <[severity-value: 64] [partition-id: 0] [partition-name: DOMAIN] > <BEA-000436> <Allocating 4 reader threads.> 
####<May 20, 2016 1:50:12 PM CEST> <Info> <Socket> <slaskawi> <> <[STANDBY] ExecuteThread: '1' for queue: 'weblogic.kernel.Default (self-tuning)'> <> <> <> <1463745012145> <[severity-value: 64] [partition-id: 0] [partition-name: DOMAIN] > <BEA-000446> <Native I/O enabled.> 
####<May 20, 2016 1:50:12 PM CEST> <Info> <Management> <slaskawi> <> <[STANDBY] ExecuteThread: '3' for queue: 'weblogic.kernel.Default (self-tuning)'> <> <> <> <1463745012154> <[severity-value: 64] [partition-id: 0] [partition-name: DOMAIN] > <BEA-141278> <Java entropy configuration is: System property "java.security.egd= null"; JRE's java.security file property "securerandom.source= file:/dev/random"; Blocking Config= true; JDK version= 1.8.0_77; Operating System= Linux.> 
####<May 20, 2016 1:50:12 PM CEST> <Info> <Management> <slaskawi> <> <[STANDBY] ExecuteThread: '3' for queue: 'weblogic.kernel.Default (self-tuning)'> <> <> <> <1463745012154> <[severity-value: 64] [partition-id: 0] [partition-name: DOMAIN] > <BEA-141279> <Detected BLOCKING java entropy configuration. This is the most secure setting, but may cause performance issues on machines with few sources of entropy.> 
####<May 20, 2016 1:50:12 PM CEST> <Info> <Management> <slaskawi> <> <[STANDBY] ExecuteThread: '3' for queue: 'weblogic.kernel.Default (self-tuning)'> <> <> <> <1463745012154> <[severity-value: 64] [partition-id: 0] [partition-name: DOMAIN] > <BEA-141187> <Java system properties are defined as follows: 
awt.toolkit = sun.awt.X11.XToolkit
file.encoding = UTF-8
file.encoding.pkg = sun.io
file.separator = /
java.awt.graphicsenv = sun.awt.X11GraphicsEnvironment
java.awt.printerjob = sun.print.PSPrinterJob
java.class.path = /opt/jdk1.8.0_77/lib/tools.jar:/opt/oracle/Middleware/Oracle_Home/wlserver/server/lib/weblogic.jar:/opt/oracle/Middleware/Oracle_Home/wlserver/../oracle_common/modules/net.sf.antcontrib_1.1.0.0_1-0b3/lib/ant-contrib.jar:/opt/oracle/Middleware/Oracle_Home/wlserver/modules/features/oracle.wls.common.nodemanager.jar:/opt/oracle/Middleware/Oracle_Home/wlserver/../oracle_common/modules/com.oracle.cie.config-wls-online_8.2.0.0.jar:/opt/oracle/Middleware/Oracle_Home/wlserver/common/derby/lib/derbyclient.jar:/opt/oracle/Middleware/Oracle_Home/wlserver/common/derby/lib/derby.jar:/opt/oracle/Middleware/Oracle_Home/wlserver/server/lib/debugpatch-agent.jar
java.class.version = 52.0
java.endorsed.dirs = /opt/jdk1.8.0_77/jre/lib/endorsed
java.ext.dirs = /opt/jdk1.8.0_77/jre/lib/ext:/usr/java/packages/lib/ext
java.home = /opt/jdk1.8.0_77/jre
java.io.tmpdir = /tmp
java.library.path = :/opt/oracle/Middleware/Oracle_Home/wlserver/server/native/linux/x86_64:/opt/oracle/Middleware/Oracle_Home/wlserver/server/native/linux/x86_64/oci920_8:/usr/java/packages/lib/amd64:/usr/lib64:/lib64:/lib:/usr/lib
java.naming.factory.initial = weblogic.jndi.WLInitialContextFactory
java.naming.factory.url.pkgs = weblogic.jndi.factories:weblogic.corba.j2ee.naming.url:weblogic.jndi.factories:weblogic.corba.j2ee.naming.url
java.runtime.name = Java(TM) SE Runtime Environment
java.runtime.version = 1.8.0_77-b03
java.security.policy = /opt/oracle/Middleware/Oracle_Home/wlserver/server/lib/weblogic.policy
java.specification.name = Java Platform API Specification
java.specification.vendor = Oracle Corporation
java.specification.version = 1.8
java.system.class.loader = com.oracle.classloader.weblogic.LaunchClassLoader
java.vendor = Oracle Corporation
java.vendor.url = http://java.oracle.com/
java.vendor.url.bug = http://bugreport.sun.com/bugreport/
java.version = 1.8.0_77
java.vm.info = mixed mode
java.vm.name = Java HotSpot(TM) 64-Bit Server VM
java.vm.specification.name = Java Virtual Machine Specification
java.vm.specification.vendor = Oracle Corporation
java.vm.specification.version = 1.8
java.vm.vendor = Oracle Corporation
java.vm.version = 25.77-b03
javax.management.builder.initial = weblogic.management.jmx.mbeanserver.WLSMBeanServerBuilder
javax.rmi.CORBA.PortableRemoteObjectClass = weblogic.iiop.PortableRemoteObjectDelegateImpl
javax.rmi.CORBA.UtilClass = weblogic.iiop.UtilDelegateImpl
org.omg.CORBA.ORBClass = weblogic.corba.orb.ORB
org.omg.CORBA.ORBSingletonClass = weblogic.corba.orb.ORB
os.arch = amd64
os.name = Linux
os.version = 4.4.9-300.fc23.x86_64
path.separator = :
sun.arch.data.model = 64
sun.boot.class.path = /opt/jdk1.8.0_77/jre/lib/resources.jar:/opt/jdk1.8.0_77/jre/lib/rt.jar:/opt/jdk1.8.0_77/jre/lib/sunrsasign.jar:/opt/jdk1.8.0_77/jre/lib/jsse.jar:/opt/jdk1.8.0_77/jre/lib/jce.jar:/opt/jdk1.8.0_77/jre/lib/charsets.jar:/opt/jdk1.8.0_77/jre/lib/jfr.jar:/opt/jdk1.8.0_77/jre/classes
sun.boot.library.path = /opt/jdk1.8.0_77/jre/lib/amd64
sun.cpu.endian = little
sun.desktop = gnome
sun.io.unicode.encoding = UnicodeLittle
sun.java.command = weblogic.Server
sun.java.launcher = SUN_STANDARD
sun.jnu.encoding = UTF-8
sun.management.compiler = HotSpot 64-Bit Tiered Compilers
sun.os.patch.level = unknown
user.country = US
user.dir = /opt/oracle/Middleware/Oracle_Home/user_projects/domains/base_domain
user.home = /home/slaskawi
user.language = en
user.name = slaskawi
user.timezone = Europe/Warsaw
vde.home = /opt/oracle/Middleware/Oracle_Home/user_projects/domains/base_domain/servers/AdminServer/data/ldap
weblogic.Name = AdminServer
weblogic.home = /opt/oracle/Middleware/Oracle_Home/wlserver/server
wls.home = /opt/oracle/Middleware/Oracle_Home/wlserver/server
.> 
####<May 20, 2016 1:50:12 PM CEST> <Notice> <Log Management> <slaskawi> <> <[STANDBY] ExecuteThread: '1' for queue: 'weblogic.kernel.Default (self-tuning)'> <> <> <> <1463745012167> <[severity-value: 32] [partition-id: 0] [partition-name: DOMAIN] > <BEA-170019> <The server log file weblogic.logging.FileStreamHandler instance=473628356
Current log file=/opt/oracle/Middleware/Oracle_Home/user_projects/domains/base_domain/servers/AdminServer/logs/AdminServer.log
Rotation dir=/opt/oracle/Middleware/Oracle_Home/user_projects/domains/base_domain/servers/AdminServer/logs
 is opened. All server side log events will be written to this file.> 
####<May 20, 2016 1:50:12 PM CEST> <Info> <Log Management> <slaskawi> <> <[STANDBY] ExecuteThread: '1' for queue: 'weblogic.kernel.Default (self-tuning)'> <> <> <> <1463745012170> <[severity-value: 64] [partition-id: 0] [partition-name: DOMAIN] > <BEA-170023> <The Server Logging is initialized with Java Logging API implementation.> 
####<May 20, 2016 1:50:12 PM CEST> <Info> <Log Management> <slaskawi> <AdminServer> <[STANDBY] ExecuteThread: '1' for queue: 'weblogic.kernel.Default (self-tuning)'> <<WLS Kernel>> <> <> <1463745012175> <[severity-value: 64] [partition-id: 0] [partition-name: DOMAIN] > <BEA-170025> <Initialized Domain Logging. Domain log events will be written to /opt/oracle/Middleware/Oracle_Home/user_projects/domains/base_domain/servers/AdminServer/logs/base_domain.log.> 
####<May 20, 2016 1:50:12 PM CEST> <Info> <IIOP> <slaskawi> <AdminServer> <[ACTIVE] ExecuteThread: '0' for queue: 'weblogic.kernel.Default (self-tuning)'> <<WLS Kernel>> <> <> <1463745012177> <[severity-value: 64] [partition-id: 0] [partition-name: DOMAIN] > <BEA-002014> <IIOP subsystem enabled.> 
####<May 20, 2016 1:50:12 PM CEST> <Info> <Diagnostics> <slaskawi> <AdminServer> <[STANDBY] ExecuteThread: '1' for queue: 'weblogic.kernel.Default (self-tuning)'> <<WLS Kernel>> <> <> <1463745012222> <[severity-value: 64] [partition-id: 0] [partition-name: DOMAIN] > <BEA-320001> <The ServerDebug service initialized successfully.> 
####<May 20, 2016 1:50:12 PM CEST> <Notice> <Security> <slaskawi> <AdminServer> <[STANDBY] ExecuteThread: '3' for queue: 'weblogic.kernel.Default (self-tuning)'> <<WLS Kernel>> <> <fa4b0e31-dc29-4ed6-a9f0-6b9e310c4ebf-00000001> <1463745012240> <[severity-value: 32] [rid: 0] [partition-id: 0] [partition-name: DOMAIN] > <BEA-090946> <Security pre-initializing using security realm: myrealm> 
####<May 20, 2016 1:50:12 PM CEST> <Info> <Store> <slaskawi> <AdminServer> <[STANDBY] ExecuteThread: '1' for queue: 'weblogic.kernel.Default (self-tuning)'> <<WLS Kernel>> <> <fa4b0e31-dc29-4ed6-a9f0-6b9e310c4ebf-00000002> <1463745012287> <[severity-value: 64] [rid: 0] [partition-id: 0] [partition-name: DOMAIN] > <BEA-280008> <Opening the persistent file store "WLS_DIAGNOSTICS" for recovery: directory=/opt/oracle/Middleware/Oracle_Home/user_projects/domains/base_domain/servers/AdminServer/data/store/diagnostics requestedWritePolicy="Disabled" fileLockingEnabled=true driver="wlfileio3".> 
####<May 20, 2016 1:50:12 PM CEST> <Info> <Store> <slaskawi> <AdminServer> <[STANDBY] ExecuteThread: '1' for queue: 'weblogic.kernel.Default (self-tuning)'> <<WLS Kernel>> <> <fa4b0e31-dc29-4ed6-a9f0-6b9e310c4ebf-00000002> <1463745012292> <[severity-value: 64] [rid: 0] [partition-id: 0] [partition-name: DOMAIN] > <BEA-280103> <The persistent file store "WLS_DIAGNOSTICS" will cache in weblogic.store.io.file.direct.FileMapping[granularity=4096 io=mapped].> 
####<May 20, 2016 1:50:12 PM CEST> <Info> <Store> <slaskawi> <AdminServer> <[STANDBY] ExecuteThread: '1' for queue: 'weblogic.kernel.Default (self-tuning)'> <<WLS Kernel>> <> <fa4b0e31-dc29-4ed6-a9f0-6b9e310c4ebf-00000002> <1463745012304> <[severity-value: 64] [rid: 0] [partition-id: 0] [partition-name: DOMAIN] > <BEA-280009> <The persistent file store "WLS_DIAGNOSTICS" (4e4037d2-9c70-4672-96a6-1500a10dca62) has been opened: blockSize=512 actualWritePolicy="Disabled(single-handle-non-direct)" explicitIOEnforced=false records=23.> 
####<May 20, 2016 1:50:12 PM CEST> <Info> <Security> <slaskawi> <AdminServer> <[STANDBY] ExecuteThread: '3' for queue: 'weblogic.kernel.Default (self-tuning)'> <<WLS Kernel>> <> <fa4b0e31-dc29-4ed6-a9f0-6b9e310c4ebf-00000001> <1463745012375> <[severity-value: 64] [rid: 0] [partition-id: 0] [partition-name: DOMAIN] > <BEA-000000> <Starting OpenJPA 1.1.1-SNAPSHOT> 
####<May 20, 2016 1:50:12 PM CEST> <Info> <Security> <slaskawi> <AdminServer> <[STANDBY] ExecuteThread: '3' for queue: 'weblogic.kernel.Default (self-tuning)'> <<WLS Kernel>> <> <fa4b0e31-dc29-4ed6-a9f0-6b9e310c4ebf-00000001> <1463745012395> <[severity-value: 64] [rid: 0] [partition-id: 0] [partition-name: DOMAIN] > <BEA-000000> <StoreServiceImpl.initJDO - StoreService is initialized with Id = ldap_UKDZNKmyNn8kZ9GmELaJarSEFyo=> 
####<May 20, 2016 1:50:12 PM CEST> <Info> <Security> <slaskawi> <AdminServer> <[STANDBY] ExecuteThread: '3' for queue: 'weblogic.kernel.Default (self-tuning)'> <<WLS Kernel>> <> <fa4b0e31-dc29-4ed6-a9f0-6b9e310c4ebf-00000001> <1463745012409> <[severity-value: 64] [rid: 0] [partition-id: 0] [partition-name: DOMAIN] > <BEA-090516> <The Authenticator provider has pre-existing LDAP data.> 
####<May 20, 2016 1:50:12 PM CEST> <Notice> <Security> <slaskawi> <AdminServer> <[STANDBY] ExecuteThread: '3' for queue: 'weblogic.kernel.Default (self-tuning)'> <<WLS Kernel>> <> <fa4b0e31-dc29-4ed6-a9f0-6b9e310c4ebf-00000001> <1463745012437> <[severity-value: 32] [rid: 0] [partition-id: 0] [partition-name: DOMAIN] > <BEA-090947> <Security post-initializing using security realm: myrealm> 
####<May 20, 2016 1:50:12 PM CEST> <Info> <Security> <slaskawi> <AdminServer> <[STANDBY] ExecuteThread: '3' for queue: 'weblogic.kernel.Default (self-tuning)'> <<WLS Kernel>> <> <fa4b0e31-dc29-4ed6-a9f0-6b9e310c4ebf-00000001> <1463745012478> <[severity-value: 64] [rid: 0] [partition-id: 0] [partition-name: DOMAIN] > <BEA-090516> <The Authorizer provider has preexisting LDAP data.> 
####<May 20, 2016 1:50:12 PM CEST> <Info> <Security> <slaskawi> <AdminServer> <[STANDBY] ExecuteThread: '3' for queue: 'weblogic.kernel.Default (self-tuning)'> <<WLS Kernel>> <> <fa4b0e31-dc29-4ed6-a9f0-6b9e310c4ebf-00000001> <1463745012660> <[severity-value: 64] [rid: 0] [partition-id: 0] [partition-name: DOMAIN] > <BEA-090516> <The CredentialMapper provider has preexisting LDAP data.> 
####<May 20, 2016 1:50:12 PM CEST> <Info> <Security> <slaskawi> <AdminServer> <[STANDBY] ExecuteThread: '3' for queue: 'weblogic.kernel.Default (self-tuning)'> <<WLS Kernel>> <> <fa4b0e31-dc29-4ed6-a9f0-6b9e310c4ebf-00000001> <1463745012663> <[severity-value: 64] [rid: 0] [partition-id: 0] [partition-name: DOMAIN] > <BEA-090516> <The RoleMapper provider has preexisting LDAP data.> 
####<May 20, 2016 1:50:12 PM CEST> <Notice> <Security> <slaskawi> <AdminServer> <[STANDBY] ExecuteThread: '3' for queue: 'weblogic.kernel.Default (self-tuning)'> <<WLS Kernel>> <> <fa4b0e31-dc29-4ed6-a9f0-6b9e310c4ebf-00000001> <1463745012732> <[severity-value: 32] [rid: 0] [partition-id: 0] [partition-name: DOMAIN] > <BEA-090082> <Security initialized using administrative security realm: myrealm> 
####<May 20, 2016 1:50:12 PM CEST> <Info> <Connector> <slaskawi> <AdminServer> <[ACTIVE] ExecuteThread: '0' for queue: 'weblogic.kernel.Default (self-tuning)'> <<WLS Kernel>> <> <fa4b0e31-dc29-4ed6-a9f0-6b9e310c4ebf-00000003> <1463745012815> <[severity-value: 64] [rid: 0] [partition-id: 0] [partition-name: DOMAIN] > <BEA-190000> <Initializing Java EE Connector Service.> 
####<May 20, 2016 1:50:12 PM CEST> <Info> <Connector> <slaskawi> <AdminServer> <[ACTIVE] ExecuteThread: '0' for queue: 'weblogic.kernel.Default (self-tuning)'> <<WLS Kernel>> <> <fa4b0e31-dc29-4ed6-a9f0-6b9e310c4ebf-00000003> <1463745012821> <[severity-value: 64] [rid: 0] [partition-id: 0] [partition-name: DOMAIN] > <BEA-190001> <Java EE Connector Service initialized successfully.> 
####<May 20, 2016 1:50:13 PM CEST> <Info> <JMX> <slaskawi> <AdminServer> <[STANDBY] ExecuteThread: '2' for queue: 'weblogic.kernel.Default (self-tuning)'> <<WLS Kernel>> <> <fa4b0e31-dc29-4ed6-a9f0-6b9e310c4ebf-00000004> <1463745013079> <[severity-value: 64] [rid: 0] [partition-id: 0] [partition-name: DOMAIN] > <BEA-149512> <JMX Connector Server started at service:jmx:iiop://192.168.0.17:7001/jndi/weblogic.management.mbeanservers.domainruntime.> 
####<May 20, 2016 1:50:13 PM CEST> <Info> <JMX> <slaskawi> <AdminServer> <[STANDBY] ExecuteThread: '3' for queue: 'weblogic.kernel.Default (self-tuning)'> <<WLS Kernel>> <> <fa4b0e31-dc29-4ed6-a9f0-6b9e310c4ebf-00000001> <1463745013079> <[severity-value: 64] [rid: 0] [partition-id: 0] [partition-name: DOMAIN] > <BEA-149512> <JMX Connector Server started at service:jmx:iiop://192.168.0.17:7001/jndi/weblogic.management.mbeanservers.runtime.> 
####<May 20, 2016 1:50:13 PM CEST> <Info> <JMS> <slaskawi> <AdminServer> <[STANDBY] ExecuteThread: '1' for queue: 'weblogic.kernel.Default (self-tuning)'> <<WLS Kernel>> <> <fa4b0e31-dc29-4ed6-a9f0-6b9e310c4ebf-00000002> <1463745013091> <[severity-value: 64] [rid: 0] [partition-id: 0] [partition-name: DOMAIN] > <BEA-040305> <JMS service is initialized and in standby mode.> 
####<May 20, 2016 1:50:13 PM CEST> <Info> <JMS> <slaskawi> <AdminServer> <[STANDBY] ExecuteThread: '1' for queue: 'weblogic.kernel.Default (self-tuning)'> <<WLS Kernel>> <> <fa4b0e31-dc29-4ed6-a9f0-6b9e310c4ebf-00000002> <1463745013109> <[severity-value: 64] [rid: 0] [partition-id: 0] [partition-name: DOMAIN] > <BEA-040090> <Deployed 8 default connection factories.> 
####<May 20, 2016 1:50:13 PM CEST> <Info> <Store> <slaskawi> <AdminServer> <[STANDBY] ExecuteThread: '2' for queue: 'weblogic.kernel.Default (self-tuning)'> <<WLS Kernel>> <> <fa4b0e31-dc29-4ed6-a9f0-6b9e310c4ebf-00000004> <1463745013111> <[severity-value: 64] [rid: 0] [partition-id: 0] [partition-name: DOMAIN] > <BEA-280008> <Opening the persistent file store "_WLS_AdminServer" for recovery: directory=/opt/oracle/Middleware/Oracle_Home/user_projects/domains/base_domain/servers/AdminServer/data/store/default requestedWritePolicy="Direct-Write" fileLockingEnabled=true driver="wlfileio3".> 
####<May 20, 2016 1:50:13 PM CEST> <Info> <JMS> <slaskawi> <AdminServer> <[STANDBY] ExecuteThread: '1' for queue: 'weblogic.kernel.Default (self-tuning)'> <<WLS Kernel>> <> <fa4b0e31-dc29-4ed6-a9f0-6b9e310c4ebf-00000002> <1463745013113> <[severity-value: 64] [rid: 0] [partition-id: 0] [partition-name: DOMAIN] > <BEA-040407> <Default connection factory "DefaultConnectionFactory" with its JNDI name "weblogic.jms.ConnectionFactory" is started.> 
####<May 20, 2016 1:50:13 PM CEST> <Info> <JMS> <slaskawi> <AdminServer> <[STANDBY] ExecuteThread: '1' for queue: 'weblogic.kernel.Default (self-tuning)'> <<WLS Kernel>> <> <fa4b0e31-dc29-4ed6-a9f0-6b9e310c4ebf-00000002> <1463745013113> <[severity-value: 64] [rid: 0] [partition-id: 0] [partition-name: DOMAIN] > <BEA-040407> <Default connection factory "TopicConnectionFactory" with its JNDI name "javax.jms.TopicConnectionFactory" is started.> 
####<May 20, 2016 1:50:13 PM CEST> <Info> <JMS> <slaskawi> <AdminServer> <[STANDBY] ExecuteThread: '1' for queue: 'weblogic.kernel.Default (self-tuning)'> <<WLS Kernel>> <> <fa4b0e31-dc29-4ed6-a9f0-6b9e310c4ebf-00000002> <1463745013114> <[severity-value: 64] [rid: 0] [partition-id: 0] [partition-name: DOMAIN] > <BEA-040407> <Default connection factory "DefaultXAConnectionFactory1" with its JNDI name "weblogic.jms.XAConnectionFactory1" is started.> 
####<May 20, 2016 1:50:13 PM CEST> <Info> <JMS> <slaskawi> <AdminServer> <[STANDBY] ExecuteThread: '1' for queue: 'weblogic.kernel.Default (self-tuning)'> <<WLS Kernel>> <> <fa4b0e31-dc29-4ed6-a9f0-6b9e310c4ebf-00000002> <1463745013114> <[severity-value: 64] [rid: 0] [partition-id: 0] [partition-name: DOMAIN] > <BEA-040407> <Default connection factory "DefaultXAConnectionFactory0" with its JNDI name "weblogic.jms.XAConnectionFactory0" is started.> 
####<May 20, 2016 1:50:13 PM CEST> <Info> <JMS> <slaskawi> <AdminServer> <[STANDBY] ExecuteThread: '1' for queue: 'weblogic.kernel.Default (self-tuning)'> <<WLS Kernel>> <> <fa4b0e31-dc29-4ed6-a9f0-6b9e310c4ebf-00000002> <1463745013114> <[severity-value: 64] [rid: 0] [partition-id: 0] [partition-name: DOMAIN] > <BEA-040407> <Default connection factory "PlatformDefaultConnectionFactory" with its JNDI name "weblogic.jms.DefaultConnectionFactory" is started.> 
####<May 20, 2016 1:50:13 PM CEST> <Info> <JMS> <slaskawi> <AdminServer> <[STANDBY] ExecuteThread: '1' for queue: 'weblogic.kernel.Default (self-tuning)'> <<WLS Kernel>> <> <fa4b0e31-dc29-4ed6-a9f0-6b9e310c4ebf-00000002> <1463745013114> <[severity-value: 64] [rid: 0] [partition-id: 0] [partition-name: DOMAIN] > <BEA-040407> <Default connection factory "QueueConnectionFactory" with its JNDI name "javax.jms.QueueConnectionFactory" is started.> 
####<May 20, 2016 1:50:13 PM CEST> <Info> <JMS> <slaskawi> <AdminServer> <[STANDBY] ExecuteThread: '1' for queue: 'weblogic.kernel.Default (self-tuning)'> <<WLS Kernel>> <> <fa4b0e31-dc29-4ed6-a9f0-6b9e310c4ebf-00000002> <1463745013114> <[severity-value: 64] [rid: 0] [partition-id: 0] [partition-name: DOMAIN] > <BEA-040407> <Default connection factory "MessageDrivenBeanConnectionFactory" with its JNDI name "weblogic.jms.MessageDrivenBeanConnectionFactory" is started.> 
####<May 20, 2016 1:50:13 PM CEST> <Info> <JMS> <slaskawi> <AdminServer> <[STANDBY] ExecuteThread: '1' for queue: 'weblogic.kernel.Default (self-tuning)'> <<WLS Kernel>> <> <fa4b0e31-dc29-4ed6-a9f0-6b9e310c4ebf-00000002> <1463745013114> <[severity-value: 64] [rid: 0] [partition-id: 0] [partition-name: DOMAIN] > <BEA-040407> <Default connection factory "DefaultXAConnectionFactory" with its JNDI name "weblogic.jms.XAConnectionFactory" is started.> 
####<May 20, 2016 1:50:13 PM CEST> <Info> <JMS> <slaskawi> <AdminServer> <[STANDBY] ExecuteThread: '1' for queue: 'weblogic.kernel.Default (self-tuning)'> <<WLS Kernel>> <> <fa4b0e31-dc29-4ed6-a9f0-6b9e310c4ebf-00000002> <1463745013114> <[severity-value: 64] [rid: 0] [partition-id: 0] [partition-name: DOMAIN] > <BEA-040407> <Default connection factory "DefaultXAConnectionFactory2" with its JNDI name "weblogic.jms.XAConnectionFactory2" is started.> 
####<May 20, 2016 1:50:13 PM CEST> <Info> <JMS> <slaskawi> <AdminServer> <[STANDBY] ExecuteThread: '1' for queue: 'weblogic.kernel.Default (self-tuning)'> <<WLS Kernel>> <> <fa4b0e31-dc29-4ed6-a9f0-6b9e310c4ebf-00000002> <1463745013114> <[severity-value: 64] [rid: 0] [partition-id: 0] [partition-name: DOMAIN] > <BEA-040306> <JMS service is active now.> 
####<May 20, 2016 1:50:13 PM CEST> <Info> <messaging.interception> <slaskawi> <AdminServer> <[ACTIVE] ExecuteThread: '0' for queue: 'weblogic.kernel.Default (self-tuning)'> <<WLS Kernel>> <> <fa4b0e31-dc29-4ed6-a9f0-6b9e310c4ebf-00000003> <1463745013117> <[severity-value: 64] [rid: 0] [partition-id: 0] [partition-name: DOMAIN] > <BEA-400000> <Initializing message interception service.> 
####<May 20, 2016 1:50:13 PM CEST> <Info> <Store> <slaskawi> <AdminServer> <[STANDBY] ExecuteThread: '2' for queue: 'weblogic.kernel.Default (self-tuning)'> <<WLS Kernel>> <> <fa4b0e31-dc29-4ed6-a9f0-6b9e310c4ebf-00000004> <1463745013448> <[severity-value: 64] [rid: 0] [partition-id: 0] [partition-name: DOMAIN] > <BEA-280009> <The persistent file store "_WLS_AdminServer" (6fe1c667-1216-4c78-87a1-009f6874ba7a) has been opened: blockSize=512 actualWritePolicy="Direct-Write(read-buffered)" explicitIOEnforced=false records=17.> 
####<May 20, 2016 1:50:13 PM CEST> <Info> <JDBC> <slaskawi> <AdminServer> <[STANDBY] ExecuteThread: '1' for queue: 'weblogic.kernel.Default (self-tuning)'> <<WLS Kernel>> <> <fa4b0e31-dc29-4ed6-a9f0-6b9e310c4ebf-00000002> <1463745013492> <[severity-value: 64] [rid: 0] [partition-id: 0] [partition-name: DOMAIN] > <BEA-001135> <Initializing the JDBC service.> 
####<May 20, 2016 1:50:13 PM CEST> <Info> <JDBC> <slaskawi> <AdminServer> <[STANDBY] ExecuteThread: '1' for queue: 'weblogic.kernel.Default (self-tuning)'> <<WLS Kernel>> <> <fa4b0e31-dc29-4ed6-a9f0-6b9e310c4ebf-00000002> <1463745013497> <[severity-value: 64] [rid: 0] [partition-id: 0] [partition-name: DOMAIN] > <BEA-001137> <Initialization complete.> 
####<May 20, 2016 1:50:13 PM CEST> <Info> <JDBC> <slaskawi> <AdminServer> <[STANDBY] ExecuteThread: '1' for queue: 'weblogic.kernel.Default (self-tuning)'> <<WLS Kernel>> <> <fa4b0e31-dc29-4ed6-a9f0-6b9e310c4ebf-00000002> <1463745013497> <[severity-value: 64] [rid: 0] [partition-id: 0] [partition-name: DOMAIN] > <BEA-001138> <Resuming the JDBC service.> 
####<May 20, 2016 1:50:13 PM CEST> <Info> <JDBC> <slaskawi> <AdminServer> <[STANDBY] ExecuteThread: '1' for queue: 'weblogic.kernel.Default (self-tuning)'> <<WLS Kernel>> <> <fa4b0e31-dc29-4ed6-a9f0-6b9e310c4ebf-00000002> <1463745013498> <[severity-value: 64] [rid: 0] [partition-id: 0] [partition-name: DOMAIN] > <BEA-001140> <Resume complete.> 
####<May 20, 2016 1:50:13 PM CEST> <Info> <HTTP> <slaskawi> <AdminServer> <[STANDBY] ExecuteThread: '2' for queue: 'weblogic.kernel.Default (self-tuning)'> <<WLS Kernel>> <> <fa4b0e31-dc29-4ed6-a9f0-6b9e310c4ebf-00000004> <1463745013499> <[severity-value: 64] [rid: 0] [partition-id: 0] [partition-name: DOMAIN] > <BEA-101128> <Initializing HTTP services.> 
####<May 20, 2016 1:50:13 PM CEST> <Info> <HTTP> <slaskawi> <AdminServer> <[STANDBY] ExecuteThread: '2' for queue: 'weblogic.kernel.Default (self-tuning)'> <<WLS Kernel>> <> <fa4b0e31-dc29-4ed6-a9f0-6b9e310c4ebf-00000004> <1463745013508> <[severity-value: 64] [rid: 0] [partition-id: 0] [partition-name: DOMAIN] > <BEA-101135> <AdminServer is the default Web server.> 
####<May 20, 2016 1:50:13 PM CEST> <Info> <HTTP> <slaskawi> <AdminServer> <[STANDBY] ExecuteThread: '2' for queue: 'weblogic.kernel.Default (self-tuning)'> <<WLS Kernel>> <> <fa4b0e31-dc29-4ed6-a9f0-6b9e310c4ebf-00000004> <1463745013509> <[severity-value: 64] [rid: 0] [partition-id: 0] [partition-name: DOMAIN] > <BEA-101052> <[HttpServer (defaultWebserver) name: AdminServer] Initialized> 
####<May 20, 2016 1:50:13 PM CEST> <Info> <HTTP> <slaskawi> <AdminServer> <[STANDBY] ExecuteThread: '2' for queue: 'weblogic.kernel.Default (self-tuning)'> <<WLS Kernel>> <> <fa4b0e31-dc29-4ed6-a9f0-6b9e310c4ebf-00000004> <1463745013513> <[severity-value: 64] [rid: 0] [partition-id: 0] [partition-name: DOMAIN] > <BEA-101129> <Initializing the Web application container.> 
####<May 20, 2016 1:50:13 PM CEST> <Info> <Server> <slaskawi> <AdminServer> <[STANDBY] ExecuteThread: '2' for queue: 'weblogic.kernel.Default (self-tuning)'> <<WLS Kernel>> <> <fa4b0e31-dc29-4ed6-a9f0-6b9e310c4ebf-00000004> <1463745013521> <[severity-value: 64] [rid: 0] [partition-id: 0] [partition-name: DOMAIN] > <BEA-002622> <The protocol "[admin, iiops, snmp, ldaps, cluster-broadcast-secure, iiop, t3s, ldap, cluster-broadcast, http, https, t3]" is now configured.> 
####<May 20, 2016 1:50:13 PM CEST> <Info> <JMX> <slaskawi> <AdminServer> <[STANDBY] ExecuteThread: '1' for queue: 'weblogic.kernel.Default (self-tuning)'> <<WLS Kernel>> <> <fa4b0e31-dc29-4ed6-a9f0-6b9e310c4ebf-00000002> <1463745013529> <[severity-value: 64] [rid: 0] [partition-id: 0] [partition-name: DOMAIN] > <BEA-149512> <JMX Connector Server started at service:jmx:iiop://192.168.0.17:7001/jndi/weblogic.management.mbeanservers.edit.> 
####<May 20, 2016 1:50:13 PM CEST> <Info> <CONCURRENCY> <slaskawi> <AdminServer> <[ACTIVE] ExecuteThread: '0' for queue: 'weblogic.kernel.Default (self-tuning)'> <<WLS Kernel>> <> <fa4b0e31-dc29-4ed6-a9f0-6b9e310c4ebf-00000003> <1463745013966> <[severity-value: 64] [rid: 0] [partition-id: 0] [partition-name: DOMAIN] > <BEA-2162601> <Creating ContextService "DefaultContextService" (partition="DOMAIN", module="null", application="bea_wls_internal")> 
####<May 20, 2016 1:50:13 PM CEST> <Info> <CONCURRENCY> <slaskawi> <AdminServer> <[ACTIVE] ExecuteThread: '0' for queue: 'weblogic.kernel.Default (self-tuning)'> <<WLS Kernel>> <> <fa4b0e31-dc29-4ed6-a9f0-6b9e310c4ebf-00000003> <1463745013970> <[severity-value: 64] [rid: 0] [partition-id: 0] [partition-name: DOMAIN] > <BEA-2162600> <Creating ManagedThreadFactory "DefaultManagedThreadFactory" (partition="DOMAIN", module="null", application="bea_wls_internal")> 
####<May 20, 2016 1:50:13 PM CEST> <Info> <CONCURRENCY> <slaskawi> <AdminServer> <[ACTIVE] ExecuteThread: '0' for queue: 'weblogic.kernel.Default (self-tuning)'> <<WLS Kernel>> <> <fa4b0e31-dc29-4ed6-a9f0-6b9e310c4ebf-00000003> <1463745013971> <[severity-value: 64] [rid: 0] [partition-id: 0] [partition-name: DOMAIN] > <BEA-2162610> <Creating ManagedExecutorService "DefaultManagedExecutorService" (partition="DOMAIN", module="null", application="bea_wls_internal", workmanager="default")> 
####<May 20, 2016 1:50:13 PM CEST> <Info> <CONCURRENCY> <slaskawi> <AdminServer> <[ACTIVE] ExecuteThread: '0' for queue: 'weblogic.kernel.Default (self-tuning)'> <<WLS Kernel>> <> <fa4b0e31-dc29-4ed6-a9f0-6b9e310c4ebf-00000003> <1463745013972> <[severity-value: 64] [rid: 0] [partition-id: 0] [partition-name: DOMAIN] > <BEA-2162611> <Creating ManagedScheduledExecutorService "DefaultManagedScheduledExecutorService" (partition="DOMAIN", module="null", application="bea_wls_internal", workmanager="default")> 
####<May 20, 2016 1:50:14 PM CEST> <Info> <org.hibernate.validator.internal.util.Version> <slaskawi> <AdminServer> <[ACTIVE] ExecuteThread: '0' for queue: 'weblogic.kernel.Default (self-tuning)'> <<WLS Kernel>> <> <fa4b0e31-dc29-4ed6-a9f0-6b9e310c4ebf-00000003> <1463745014049> <[severity-value: 64] [rid: 0] [partition-id: 0] [partition-name: DOMAIN] > <BEA-000000> <HV000001: Hibernate Validator 5.1.3.Final> 
####<May 20, 2016 1:50:14 PM CEST> <Notice> <WebLogicServer> <slaskawi> <AdminServer> <[ACTIVE] ExecuteThread: '0' for queue: 'weblogic.kernel.Default (self-tuning)'> <<WLS Kernel>> <> <fa4b0e31-dc29-4ed6-a9f0-6b9e310c4ebf-00000003> <1463745014364> <[severity-value: 32] [rid: 0] [partition-id: 0] [partition-name: DOMAIN] > <BEA-000365> <Server state changed to STANDBY.> 
####<May 20, 2016 1:50:14 PM CEST> <Notice> <WebLogicServer> <slaskawi> <AdminServer> <[ACTIVE] ExecuteThread: '0' for queue: 'weblogic.kernel.Default (self-tuning)'> <<WLS Kernel>> <> <fa4b0e31-dc29-4ed6-a9f0-6b9e310c4ebf-00000003> <1463745014364> <[severity-value: 32] [rid: 0] [partition-id: 0] [partition-name: DOMAIN] > <BEA-000365> <Server state changed to STARTING.> 
####<May 20, 2016 1:50:14 PM CEST> <Info> <JDBC> <slaskawi> <AdminServer> <[ACTIVE] ExecuteThread: '0' for queue: 'weblogic.kernel.Default (self-tuning)'> <<WLS Kernel>> <> <fa4b0e31-dc29-4ed6-a9f0-6b9e310c4ebf-00000005> <1463745014365> <[severity-value: 64] [rid: 0] [partition-id: 0] [partition-name: DOMAIN] > <BEA-001589> <Setting all data source statement cache sizes to 100% of configured sizes due to memory pressure level of 0.> 
####<May 20, 2016 1:50:14 PM CEST> <Notice> <Log Management> <slaskawi> <AdminServer> <[STANDBY] ExecuteThread: '1' for queue: 'weblogic.kernel.Default (self-tuning)'> <<WLS Kernel>> <> <fa4b0e31-dc29-4ed6-a9f0-6b9e310c4ebf-00000006> <1463745014389> <[severity-value: 32] [rid: 0] [partition-id: 0] [partition-name: DOMAIN] > <BEA-170036> <The Logging monitoring service timer has started to check for logged message counts every 30 seconds.> 
####<May 20, 2016 1:50:14 PM CEST> <Info> <Log Management> <slaskawi> <AdminServer> <[STANDBY] ExecuteThread: '3' for queue: 'weblogic.kernel.Default (self-tuning)'> <<WLS Kernel>> <> <fa4b0e31-dc29-4ed6-a9f0-6b9e310c4ebf-00000007> <1463745014390> <[severity-value: 64] [rid: 0] [partition-id: 0] [partition-name: DOMAIN] > <BEA-170031> <The Server Logging bridge has initialized successfully.> 
####<May 20, 2016 1:50:14 PM CEST> <Info> <SAFService> <slaskawi> <AdminServer> <[STANDBY] ExecuteThread: '1' for queue: 'weblogic.kernel.Default (self-tuning)'> <<WLS Kernel>> <> <fa4b0e31-dc29-4ed6-a9f0-6b9e310c4ebf-00000006> <1463745014393> <[severity-value: 64] [rid: 0] [partition-id: 0] [partition-name: DOMAIN] > <BEA-281003> <The SAF service has been initialized.> 
####<May 20, 2016 1:50:14 PM CEST> <Info> <SAFService> <slaskawi> <AdminServer> <[STANDBY] ExecuteThread: '1' for queue: 'weblogic.kernel.Default (self-tuning)'> <<WLS Kernel>> <> <fa4b0e31-dc29-4ed6-a9f0-6b9e310c4ebf-00000006> <1463745014393> <[severity-value: 64] [rid: 0] [partition-id: 0] [partition-name: DOMAIN] > <BEA-281002> <The SAF service has been started.> 
####<May 20, 2016 1:50:14 PM CEST> <Info> <Deployer> <slaskawi> <AdminServer> <[ACTIVE] ExecuteThread: '0' for queue: 'weblogic.kernel.Default (self-tuning)'> <<WLS Kernel>> <> <fa4b0e31-dc29-4ed6-a9f0-6b9e310c4ebf-00000008> <1463745014417> <[severity-value: 64] [rid: 0] [partition-id: 0] [partition-name: DOMAIN] > <BEA-149209> <The Slave Deployer is resuming.> 
####<May 20, 2016 1:50:14 PM CEST> <Info> <CONCURRENCY> <slaskawi> <AdminServer> <[ACTIVE] ExecuteThread: '0' for queue: 'weblogic.kernel.Default (self-tuning)'> <<WLS Kernel>> <> <fa4b0e31-dc29-4ed6-a9f0-6b9e310c4ebf-00000008> <1463745014646> <[severity-value: 64] [rid: 0] [partition-id: 0] [partition-name: DOMAIN] > <BEA-2162601> <Creating ContextService "DefaultContextService" (partition="DOMAIN", module="null", application="jdg-204-reproducer")> 
####<May 20, 2016 1:50:14 PM CEST> <Info> <CONCURRENCY> <slaskawi> <AdminServer> <[ACTIVE] ExecuteThread: '0' for queue: 'weblogic.kernel.Default (self-tuning)'> <<WLS Kernel>> <> <fa4b0e31-dc29-4ed6-a9f0-6b9e310c4ebf-00000008> <1463745014646> <[severity-value: 64] [rid: 0] [partition-id: 0] [partition-name: DOMAIN] > <BEA-2162600> <Creating ManagedThreadFactory "DefaultManagedThreadFactory" (partition="DOMAIN", module="null", application="jdg-204-reproducer")> 
####<May 20, 2016 1:50:14 PM CEST> <Info> <CONCURRENCY> <slaskawi> <AdminServer> <[ACTIVE] ExecuteThread: '0' for queue: 'weblogic.kernel.Default (self-tuning)'> <<WLS Kernel>> <> <fa4b0e31-dc29-4ed6-a9f0-6b9e310c4ebf-00000008> <1463745014646> <[severity-value: 64] [rid: 0] [partition-id: 0] [partition-name: DOMAIN] > <BEA-2162610> <Creating ManagedExecutorService "DefaultManagedExecutorService" (partition="DOMAIN", module="null", application="jdg-204-reproducer", workmanager="default")> 
####<May 20, 2016 1:50:14 PM CEST> <Info> <CONCURRENCY> <slaskawi> <AdminServer> <[ACTIVE] ExecuteThread: '0' for queue: 'weblogic.kernel.Default (self-tuning)'> <<WLS Kernel>> <> <fa4b0e31-dc29-4ed6-a9f0-6b9e310c4ebf-00000008> <1463745014646> <[severity-value: 64] [rid: 0] [partition-id: 0] [partition-name: DOMAIN] > <BEA-2162611> <Creating ManagedScheduledExecutorService "DefaultManagedScheduledExecutorService" (partition="DOMAIN", module="null", application="jdg-204-reproducer", workmanager="default")> 
####<May 20, 2016 1:50:14 PM CEST> <Info> <Deployer> <slaskawi> <AdminServer> <[ACTIVE] ExecuteThread: '0' for queue: 'weblogic.kernel.Default (self-tuning)'> <<WLS Kernel>> <> <fa4b0e31-dc29-4ed6-a9f0-6b9e310c4ebf-00000008> <1463745014647> <[severity-value: 64] [rid: 0] [partition-id: 0] [partition-name: DOMAIN] > <BEA-149059> <Module jdg-204-reproducer.war of application jdg-204-reproducer is transitioning from STATE_NEW to STATE_PREPARED on server AdminServer.> 
####<May 20, 2016 1:50:15 PM CEST> <Info> <Deployer> <slaskawi> <AdminServer> <[ACTIVE] ExecuteThread: '0' for queue: 'weblogic.kernel.Default (self-tuning)'> <<WLS Kernel>> <> <fa4b0e31-dc29-4ed6-a9f0-6b9e310c4ebf-00000008> <1463745015438> <[severity-value: 64] [rid: 0] [partition-id: 0] [partition-name: DOMAIN] > <BEA-149060> <Module jdg-204-reproducer.war of application jdg-204-reproducer successfully transitioned from STATE_NEW to STATE_PREPARED on server AdminServer.> 
####<May 20, 2016 1:50:15 PM CEST> <Info> <WebLogicServer> <slaskawi> <AdminServer> <[ACTIVE] ExecuteThread: '0' for queue: 'weblogic.kernel.Default (self-tuning)'> <<WLS Kernel>> <> <fa4b0e31-dc29-4ed6-a9f0-6b9e310c4ebf-00000008> <1463745015455> <[severity-value: 64] [rid: 0] [partition-id: 0] [partition-name: DOMAIN] > <BEA-000256> <Invoking weblogic.transaction.internal.StartupClass.main(null)> 
####<May 20, 2016 1:50:15 PM CEST> <Info> <org.jboss.weld.Version> <slaskawi> <AdminServer> <[ACTIVE] ExecuteThread: '0' for queue: 'weblogic.kernel.Default (self-tuning)'> <<WLS Kernel>> <> <fa4b0e31-dc29-4ed6-a9f0-6b9e310c4ebf-00000008> <1463745015461> <[severity-value: 64] [rid: 0] [partition-id: 0] [partition-name: DOMAIN] > <BEA-000000> <WELD-000900: 2.3.4 (Final)> 
####<May 20, 2016 1:50:15 PM CEST> <Info> <org.jboss.weld.Event> <slaskawi> <AdminServer> <[ACTIVE] ExecuteThread: '0' for queue: 'weblogic.kernel.Default (self-tuning)'> <<WLS Kernel>> <> <fa4b0e31-dc29-4ed6-a9f0-6b9e310c4ebf-00000008> <1463745015651> <[severity-value: 64] [rid: 0] [partition-id: 0] [partition-name: DOMAIN] > <BEA-000000> <WELD-000411: Observer method [BackedAnnotatedMethod] org.infinispan.cdi.util.defaultbean.DefaultBeanExtension.processAnnotatedType(@Observes ProcessAnnotatedType<X>, BeanManager) receives events for all annotated types. Consider restricting events using @WithAnnotations or a generic type with bounds.> 
####<May 20, 2016 1:50:15 PM CEST> <Info> <org.jboss.weld.Event> <slaskawi> <AdminServer> <[ACTIVE] ExecuteThread: '0' for queue: 'weblogic.kernel.Default (self-tuning)'> <<WLS Kernel>> <> <fa4b0e31-dc29-4ed6-a9f0-6b9e310c4ebf-00000008> <1463745015672> <[severity-value: 64] [rid: 0] [partition-id: 0] [partition-name: DOMAIN] > <BEA-000000> <WELD-000411: Observer method [BackedAnnotatedMethod] private org.glassfish.jersey.ext.cdi1x.internal.CdiComponentProvider.processAnnotatedType(@Observes ProcessAnnotatedType) receives events for all annotated types. Consider restricting events using @WithAnnotations or a generic type with bounds.> 
####<May 20, 2016 1:50:17 PM CEST> <Info> <org.jboss.weld.Bootstrap> <slaskawi> <AdminServer> <[ACTIVE] ExecuteThread: '0' for queue: 'weblogic.kernel.Default (self-tuning)'> <<WLS Kernel>> <> <fa4b0e31-dc29-4ed6-a9f0-6b9e310c4ebf-00000008> <1463745017228> <[severity-value: 64] [rid: 0] [partition-id: 0] [partition-name: DOMAIN] > <BEA-000000> <WELD-000119: Not generating any bean definitions from infinispan.com.mchange.v2.log.log4j.Log4jMLog$Log4jMLogger because of underlying class loading error: Type org.apache.log4j.Logger not found.  If this is unexpected, enable DEBUG logging to see the full error.> 
####<May 20, 2016 1:50:17 PM CEST> <Info> <org.jboss.weld.Bootstrap> <slaskawi> <AdminServer> <[ACTIVE] ExecuteThread: '0' for queue: 'weblogic.kernel.Default (self-tuning)'> <<WLS Kernel>> <> <fa4b0e31-dc29-4ed6-a9f0-6b9e310c4ebf-00000008> <1463745017315> <[severity-value: 64] [rid: 0] [partition-id: 0] [partition-name: DOMAIN] > <BEA-000000> <WELD-000119: Not generating any bean definitions from org.apache.commons.pool.PoolUtils$ErodingFactor because of underlying class loading error: Type [unknown] not found.  If this is unexpected, enable DEBUG logging to see the full error.> 
####<May 20, 2016 1:50:17 PM CEST> <Info> <org.jboss.weld.Bootstrap> <slaskawi> <AdminServer> <[ACTIVE] ExecuteThread: '0' for queue: 'weblogic.kernel.Default (self-tuning)'> <<WLS Kernel>> <> <fa4b0e31-dc29-4ed6-a9f0-6b9e310c4ebf-00000008> <1463745017315> <[severity-value: 64] [rid: 0] [partition-id: 0] [partition-name: DOMAIN] > <BEA-000000> <WELD-000119: Not generating any bean definitions from org.apache.commons.pool.PoolUtils$ErodingKeyedObjectPool because of underlying class loading error: Type [unknown] not found.  If this is unexpected, enable DEBUG logging to see the full error.> 
####<May 20, 2016 1:50:17 PM CEST> <Info> <org.jboss.weld.Bootstrap> <slaskawi> <AdminServer> <[ACTIVE] ExecuteThread: '0' for queue: 'weblogic.kernel.Default (self-tuning)'> <<WLS Kernel>> <> <fa4b0e31-dc29-4ed6-a9f0-6b9e310c4ebf-00000008> <1463745017316> <[severity-value: 64] [rid: 0] [partition-id: 0] [partition-name: DOMAIN] > <BEA-000000> <WELD-000119: Not generating any bean definitions from org.apache.commons.pool.PoolUtils$ErodingObjectPool because of underlying class loading error: Type [unknown] not found.  If this is unexpected, enable DEBUG logging to see the full error.> 
####<May 20, 2016 1:50:17 PM CEST> <Info> <org.jboss.weld.Bootstrap> <slaskawi> <AdminServer> <[ACTIVE] ExecuteThread: '0' for queue: 'weblogic.kernel.Default (self-tuning)'> <<WLS Kernel>> <> <fa4b0e31-dc29-4ed6-a9f0-6b9e310c4ebf-00000008> <1463745017316> <[severity-value: 64] [rid: 0] [partition-id: 0] [partition-name: DOMAIN] > <BEA-000000> <WELD-000119: Not generating any bean definitions from org.apache.commons.pool.PoolUtils$ErodingPerKeyKeyedObjectPool because of underlying class loading error: Type [unknown] not found.  If this is unexpected, enable DEBUG logging to see the full error.> 
####<May 20, 2016 1:50:17 PM CEST> <Info> <org.jboss.weld.Bootstrap> <slaskawi> <AdminServer> <[ACTIVE] ExecuteThread: '0' for queue: 'weblogic.kernel.Default (self-tuning)'> <<WLS Kernel>> <> <fa4b0e31-dc29-4ed6-a9f0-6b9e310c4ebf-00000008> <1463745017323> <[severity-value: 64] [rid: 0] [partition-id: 0] [partition-name: DOMAIN] > <BEA-000000> <WELD-000119: Not generating any bean definitions from org.apache.commons.pool.impl.GenericKeyedObjectPool$Latch because of underlying class loading error: Type [unknown] not found.  If this is unexpected, enable DEBUG logging to see the full error.> 
####<May 20, 2016 1:50:17 PM CEST> <Info> <org.jboss.weld.Bootstrap> <slaskawi> <AdminServer> <[ACTIVE] ExecuteThread: '0' for queue: 'weblogic.kernel.Default (self-tuning)'> <<WLS Kernel>> <> <fa4b0e31-dc29-4ed6-a9f0-6b9e310c4ebf-00000008> <1463745017324> <[severity-value: 64] [rid: 0] [partition-id: 0] [partition-name: DOMAIN] > <BEA-000000> <WELD-000119: Not generating any bean definitions from org.apache.commons.pool.impl.GenericKeyedObjectPool$ObjectQueue because of underlying class loading error: Type [unknown] not found.  If this is unexpected, enable DEBUG logging to see the full error.> 
####<May 20, 2016 1:50:17 PM CEST> <Info> <org.jboss.weld.Bootstrap> <slaskawi> <AdminServer> <[ACTIVE] ExecuteThread: '0' for queue: 'weblogic.kernel.Default (self-tuning)'> <<WLS Kernel>> <> <fa4b0e31-dc29-4ed6-a9f0-6b9e310c4ebf-00000008> <1463745017327> <[severity-value: 64] [rid: 0] [partition-id: 0] [partition-name: DOMAIN] > <BEA-000000> <WELD-000119: Not generating any bean definitions from org.apache.commons.pool.impl.GenericObjectPool$Latch because of underlying class loading error: Type [unknown] not found.  If this is unexpected, enable DEBUG logging to see the full error.> 
####<May 20, 2016 1:50:17 PM CEST> <Error> <Deployer> <slaskawi> <AdminServer> <[ACTIVE] ExecuteThread: '0' for queue: 'weblogic.kernel.Default (self-tuning)'> <<WLS Kernel>> <> <fa4b0e31-dc29-4ed6-a9f0-6b9e310c4ebf-00000008> <1463745017581> <[severity-value: 8] [rid: 0] [partition-id: 0] [partition-name: DOMAIN] > <BEA-149231> <Unable to set the activation state to true for the application "jdg-204-reproducer".
weblogic.management.DeploymentException: CDI deployment failure:null
	at com.oracle.injection.integration.CDIAppDeploymentExtension.initCdi(CDIAppDeploymentExtension.java:79)
	at com.oracle.injection.integration.CDIAppDeploymentExtension.activate(CDIAppDeploymentExtension.java:41)
	at weblogic.application.internal.flow.AppDeploymentExtensionFlow.activate(AppDeploymentExtensionFlow.java:39)
	at weblogic.application.internal.BaseDeployment$2.next(BaseDeployment.java:753)
	at weblogic.application.utils.StateMachineDriver.nextState(StateMachineDriver.java:45)
	at weblogic.application.internal.BaseDeployment.activate(BaseDeployment.java:263)
	at weblogic.application.internal.SingleModuleDeployment.activate(SingleModuleDeployment.java:53)
	at weblogic.application.internal.DeploymentStateChecker.activate(DeploymentStateChecker.java:165)
	at weblogic.deploy.internal.targetserver.AppContainerInvoker.activate(AppContainerInvoker.java:80)
	at weblogic.deploy.internal.targetserver.BasicDeployment.activate(BasicDeployment.java:265)
	at weblogic.deploy.internal.targetserver.BasicDeployment.activateFromServerLifecycle(BasicDeployment.java:481)
	at weblogic.management.deploy.internal.DeploymentAdapter$1.doActivate(DeploymentAdapter.java:53)
	at weblogic.management.deploy.internal.DeploymentAdapter.activate(DeploymentAdapter.java:202)
	at weblogic.management.deploy.internal.AppTransition$2.transitionApp(AppTransition.java:52)
	at weblogic.management.deploy.internal.ConfiguredDeployments$2.doItem(ConfiguredDeployments.java:592)
	at weblogic.management.deploy.internal.parallel.BucketInvoker.invoke(BucketInvoker.java:138)
	at weblogic.management.deploy.internal.ConfiguredDeployments.transitionAppsParallel(ConfiguredDeployments.java:600)
	at weblogic.management.deploy.internal.ConfiguredDeployments.activate(ConfiguredDeployments.java:259)
	at weblogic.management.deploy.internal.ConfiguredDeployments.deploy(ConfiguredDeployments.java:155)
	at weblogic.management.deploy.internal.DeploymentServerService.resume(DeploymentServerService.java:221)
	at weblogic.management.deploy.internal.DeploymentServerService.start(DeploymentServerService.java:130)
	at weblogic.server.AbstractServerService.postConstruct(AbstractServerService.java:76)
	at sun.reflect.GeneratedMethodAccessor5.invoke(Unknown Source)
	at sun.reflect.DelegatingMethodAccessorImpl.invoke(DelegatingMethodAccessorImpl.java:43)
	at java.lang.reflect.Method.invoke(Method.java:498)
	at org.glassfish.hk2.utilities.reflection.ReflectionHelper.invoke(ReflectionHelper.java:1262)
	at org.jvnet.hk2.internal.ClazzCreator.postConstructMe(ClazzCreator.java:332)
	at org.jvnet.hk2.internal.ClazzCreator.create(ClazzCreator.java:374)
	at org.jvnet.hk2.internal.SystemDescriptor.create(SystemDescriptor.java:471)
	at org.glassfish.hk2.runlevel.internal.AsyncRunLevelContext.findOrCreate(AsyncRunLevelContext.java:228)
	at org.glassfish.hk2.runlevel.RunLevelContext.findOrCreate(RunLevelContext.java:85)
	at org.jvnet.hk2.internal.Utilities.createService(Utilities.java:2072)
	at org.jvnet.hk2.internal.ServiceHandleImpl.getService(ServiceHandleImpl.java:114)
	at org.jvnet.hk2.internal.ServiceLocatorImpl.getService(ServiceLocatorImpl.java:698)
	at org.jvnet.hk2.internal.ThreeThirtyResolver.resolve(ThreeThirtyResolver.java:78)
	at org.jvnet.hk2.internal.ClazzCreator.resolve(ClazzCreator.java:211)
	at org.jvnet.hk2.internal.ClazzCreator.resolveAllDependencies(ClazzCreator.java:234)
	at org.jvnet.hk2.internal.ClazzCreator.create(ClazzCreator.java:357)
	at org.jvnet.hk2.internal.SystemDescriptor.create(SystemDescriptor.java:471)
	at org.glassfish.hk2.runlevel.internal.AsyncRunLevelContext.findOrCreate(AsyncRunLevelContext.java:228)
	at org.glassfish.hk2.runlevel.RunLevelContext.findOrCreate(RunLevelContext.java:85)
	at org.jvnet.hk2.internal.Utilities.createService(Utilities.java:2072)
	at org.jvnet.hk2.internal.ServiceHandleImpl.getService(ServiceHandleImpl.java:114)
	at org.jvnet.hk2.internal.ServiceHandleImpl.getService(ServiceHandleImpl.java:88)
	at org.glassfish.hk2.runlevel.internal.CurrentTaskFuture$QueueRunner.oneJob(CurrentTaskFuture.java:1213)
	at org.glassfish.hk2.runlevel.internal.CurrentTaskFuture$QueueRunner.run(CurrentTaskFuture.java:1144)
	at weblogic.work.SelfTuningWorkManagerImpl$WorkAdapterImpl.run(SelfTuningWorkManagerImpl.java:643)
	at weblogic.invocation.ComponentInvocationContextManager._runAs(ComponentInvocationContextManager.java:348)
	at weblogic.invocation.ComponentInvocationContextManager.runAs(ComponentInvocationContextManager.java:333)
	at weblogic.work.LivePartitionUtility.doRunWorkUnderContext(LivePartitionUtility.java:54)
	at weblogic.work.PartitionUtility.runWorkUnderContext(PartitionUtility.java:41)
	at weblogic.work.SelfTuningWorkManagerImpl.runWorkUnderContext(SelfTuningWorkManagerImpl.java:617)
	at weblogic.work.ExecuteThread.execute(ExecuteThread.java:397)
	at weblogic.work.ExecuteThread.run(ExecuteThread.java:346)
Caused By: java.lang.reflect.MalformedParameterizedTypeException
	at sun.reflect.generics.reflectiveObjects.ParameterizedTypeImpl.validateConstructorArguments(ParameterizedTypeImpl.java:58)
	at sun.reflect.generics.reflectiveObjects.ParameterizedTypeImpl.<init>(ParameterizedTypeImpl.java:51)
	at sun.reflect.generics.reflectiveObjects.ParameterizedTypeImpl.make(ParameterizedTypeImpl.java:92)
	at sun.reflect.generics.factory.CoreReflectionFactory.makeParameterizedType(CoreReflectionFactory.java:105)
	at sun.reflect.generics.visitor.Reifier.visitClassTypeSignature(Reifier.java:140)
	at sun.reflect.generics.tree.ClassTypeSignature.accept(ClassTypeSignature.java:49)
	at sun.reflect.generics.repository.ConstructorRepository.getParameterTypes(ConstructorRepository.java:94)
	at java.lang.reflect.Executable.getGenericParameterTypes(Executable.java:283)
	at java.lang.reflect.Constructor.getGenericParameterTypes(Constructor.java:234)
	at org.jboss.weld.annotated.slim.backed.BackedAnnotatedConstructor.initParameters(BackedAnnotatedConstructor.java:45)
	at org.jboss.weld.annotated.slim.backed.BackedAnnotatedConstructor.initParameters(BackedAnnotatedConstructor.java:28)
	at org.jboss.weld.annotated.slim.backed.BackedAnnotatedCallable.<init>(BackedAnnotatedCallable.java:34)
	at org.jboss.weld.annotated.slim.backed.BackedAnnotatedConstructor.<init>(BackedAnnotatedConstructor.java:38)
	at org.jboss.weld.annotated.slim.backed.BackedAnnotatedConstructor.of(BackedAnnotatedConstructor.java:32)
	at org.jboss.weld.annotated.slim.backed.BackedAnnotatedType$BackedAnnotatedConstructors.computeValue(BackedAnnotatedType.java:167)
	at org.jboss.weld.annotated.slim.backed.BackedAnnotatedType$BackedAnnotatedConstructors.computeValue(BackedAnnotatedType.java:160)
	at org.jboss.weld.util.LazyValueHolder.get(LazyValueHolder.java:35)
	at org.jboss.weld.annotated.slim.backed.BackedAnnotatedType$EagerlyInitializedLazyValueHolder.<init>(BackedAnnotatedType.java:156)
	at org.jboss.weld.annotated.slim.backed.BackedAnnotatedType$BackedAnnotatedConstructors.<init>(BackedAnnotatedType.java:160)
	at org.jboss.weld.annotated.slim.backed.BackedAnnotatedType$BackedAnnotatedConstructors.<init>(BackedAnnotatedType.java:160)
	at org.jboss.weld.annotated.slim.backed.BackedAnnotatedType.<init>(BackedAnnotatedType.java:61)
	at org.jboss.weld.annotated.slim.backed.BackedAnnotatedType.of(BackedAnnotatedType.java:44)
	at org.jboss.weld.resources.ClassTransformer$TransformClassToBackedAnnotatedType.load(ClassTransformer.java:83)
	at org.jboss.weld.resources.ClassTransformer$TransformClassToBackedAnnotatedType.load(ClassTransformer.java:80)
	at com.google.common.cache.LocalCache$LoadingValueReference.loadFuture(LocalCache.java:3599)
	at com.google.common.cache.LocalCache$Segment.loadSync(LocalCache.java:2379)
	at com.google.common.cache.LocalCache$Segment.lockedGetOrLoad(LocalCache.java:2342)
	at com.google.common.cache.LocalCache$Segment.get(LocalCache.java:2257)
	at com.google.common.cache.LocalCache.get(LocalCache.java:4000)
	at com.google.common.cache.LocalCache.getOrLoad(LocalCache.java:4004)
	at com.google.common.cache.LocalCache$LocalLoadingCache.get(LocalCache.java:4874)
	at org.jboss.weld.util.cache.LoadingCacheUtils.getCacheValue(LoadingCacheUtils.java:49)
	at org.jboss.weld.util.cache.LoadingCacheUtils.getCastCacheValue(LoadingCacheUtils.java:74)
	at org.jboss.weld.resources.ClassTransformer.getBackedAnnotatedType(ClassTransformer.java:175)
	at org.jboss.weld.resources.ClassTransformer.getBackedAnnotatedType(ClassTransformer.java:194)
	at org.jboss.weld.bootstrap.AnnotatedTypeLoader.loadAnnotatedType(AnnotatedTypeLoader.java:78)
	at org.jboss.weld.bootstrap.AnnotatedTypeLoader.loadAnnotatedType(AnnotatedTypeLoader.java:60)
	at org.jboss.weld.bootstrap.BeanDeployer.addClass(BeanDeployer.java:97)
	at org.jboss.weld.bootstrap.BeanDeployer.addClasses(BeanDeployer.java:135)
	at org.jboss.weld.bootstrap.BeanDeployment.createClasses(BeanDeployment.java:203)
	at org.jboss.weld.bootstrap.WeldStartup.startInitialization(WeldStartup.java:374)
	at org.jboss.weld.bootstrap.WeldBootstrap.startInitialization(WeldBootstrap.java:76)
	at com.oracle.injection.provider.weld.WeldInjectionContainer.initialize(WeldInjectionContainer.java:94)
	at com.oracle.injection.integration.CDIAppDeploymentExtension.initCdi(CDIAppDeploymentExtension.java:64)
	at com.oracle.injection.integration.CDIAppDeploymentExtension.activate(CDIAppDeploymentExtension.java:41)
	at weblogic.application.internal.flow.AppDeploymentExtensionFlow.activate(AppDeploymentExtensionFlow.java:39)
	at weblogic.application.internal.BaseDeployment$2.next(BaseDeployment.java:753)
	at weblogic.application.utils.StateMachineDriver.nextState(StateMachineDriver.java:45)
	at weblogic.application.internal.BaseDeployment.activate(BaseDeployment.java:263)
	at weblogic.application.internal.SingleModuleDeployment.activate(SingleModuleDeployment.java:53)
	at weblogic.application.internal.DeploymentStateChecker.activate(DeploymentStateChecker.java:165)
	at weblogic.deploy.internal.targetserver.AppContainerInvoker.activate(AppContainerInvoker.java:80)
	at weblogic.deploy.internal.targetserver.BasicDeployment.activate(BasicDeployment.java:265)
	at weblogic.deploy.internal.targetserver.BasicDeployment.activateFromServerLifecycle(BasicDeployment.java:481)
	at weblogic.management.deploy.internal.DeploymentAdapter$1.doActivate(DeploymentAdapter.java:53)
	at weblogic.management.deploy.internal.DeploymentAdapter.activate(DeploymentAdapter.java:202)
	at weblogic.management.deploy.internal.AppTransition$2.transitionApp(AppTransition.java:52)
	at weblogic.management.deploy.internal.ConfiguredDeployments$2.doItem(ConfiguredDeployments.java:592)
	at weblogic.management.deploy.internal.parallel.BucketInvoker.invoke(BucketInvoker.java:138)
	at weblogic.management.deploy.internal.ConfiguredDeployments.transitionAppsParallel(ConfiguredDeployments.java:600)
	at weblogic.management.deploy.internal.ConfiguredDeployments.activate(ConfiguredDeployments.java:259)
	at weblogic.management.deploy.internal.ConfiguredDeployments.deploy(ConfiguredDeployments.java:155)
	at weblogic.management.deploy.internal.DeploymentServerService.resume(DeploymentServerService.java:221)
	at weblogic.management.deploy.internal.DeploymentServerService.start(DeploymentServerService.java:130)
	at weblogic.server.AbstractServerService.postConstruct(AbstractServerService.java:76)
	at sun.reflect.GeneratedMethodAccessor5.invoke(Unknown Source)
	at sun.reflect.DelegatingMethodAccessorImpl.invoke(DelegatingMethodAccessorImpl.java:43)
	at java.lang.reflect.Method.invoke(Method.java:498)
	at org.glassfish.hk2.utilities.reflection.ReflectionHelper.invoke(ReflectionHelper.java:1262)
	at org.jvnet.hk2.internal.ClazzCreator.postConstructMe(ClazzCreator.java:332)
	at org.jvnet.hk2.internal.ClazzCreator.create(ClazzCreator.java:374)
	at org.jvnet.hk2.internal.SystemDescriptor.create(SystemDescriptor.java:471)
	at org.glassfish.hk2.runlevel.internal.AsyncRunLevelContext.findOrCreate(AsyncRunLevelContext.java:228)
	at org.glassfish.hk2.runlevel.RunLevelContext.findOrCreate(RunLevelContext.java:85)
	at org.jvnet.hk2.internal.Utilities.createService(Utilities.java:2072)
	at org.jvnet.hk2.internal.ServiceHandleImpl.getService(ServiceHandleImpl.java:114)
	at org.jvnet.hk2.internal.ServiceLocatorImpl.getService(ServiceLocatorImpl.java:698)
	at org.jvnet.hk2.internal.ThreeThirtyResolver.resolve(ThreeThirtyResolver.java:78)
	at org.jvnet.hk2.internal.ClazzCreator.resolve(ClazzCreator.java:211)
	at org.jvnet.hk2.internal.ClazzCreator.resolveAllDependencies(ClazzCreator.java:234)
	at org.jvnet.hk2.internal.ClazzCreator.create(ClazzCreator.java:357)
	at org.jvnet.hk2.internal.SystemDescriptor.create(SystemDescriptor.java:471)
	at org.glassfish.hk2.runlevel.internal.AsyncRunLevelContext.findOrCreate(AsyncRunLevelContext.java:228)
	at org.glassfish.hk2.runlevel.RunLevelContext.findOrCreate(RunLevelContext.java:85)
	at org.jvnet.hk2.internal.Utilities.createService(Utilities.java:2072)
	at org.jvnet.hk2.internal.ServiceHandleImpl.getService(ServiceHandleImpl.java:114)
	at org.jvnet.hk2.internal.ServiceHandleImpl.getService(ServiceHandleImpl.java:88)
	at org.glassfish.hk2.runlevel.internal.CurrentTaskFuture$QueueRunner.oneJob(CurrentTaskFuture.java:1213)
	at org.glassfish.hk2.runlevel.internal.CurrentTaskFuture$QueueRunner.run(CurrentTaskFuture.java:1144)
	at weblogic.work.SelfTuningWorkManagerImpl$WorkAdapterImpl.run(SelfTuningWorkManagerImpl.java:643)
	at weblogic.invocation.ComponentInvocationContextManager._runAs(ComponentInvocationContextManager.java:348)
	at weblogic.invocation.ComponentInvocationContextManager.runAs(ComponentInvocationContextManager.java:333)
	at weblogic.work.LivePartitionUtility.doRunWorkUnderContext(LivePartitionUtility.java:54)
	at weblogic.work.PartitionUtility.runWorkUnderContext(PartitionUtility.java:41)
	at weblogic.work.SelfTuningWorkManagerImpl.runWorkUnderContext(SelfTuningWorkManagerImpl.java:617)
	at weblogic.work.ExecuteThread.execute(ExecuteThread.java:397)
	at weblogic.work.ExecuteThread.run(ExecuteThread.java:346)
> 
####<May 20, 2016 1:50:17 PM CEST> <Info> <Deployer> <slaskawi> <AdminServer> <[ACTIVE] ExecuteThread: '0' for queue: 'weblogic.kernel.Default (self-tuning)'> <<WLS Kernel>> <> <fa4b0e31-dc29-4ed6-a9f0-6b9e310c4ebf-00000008> <1463745017583> <[severity-value: 64] [rid: 0] [partition-id: 0] [partition-name: DOMAIN] > <BEA-149059> <Module jdg-204-reproducer.war of application jdg-204-reproducer is transitioning from STATE_PREPARED to STATE_NEW on server AdminServer.> 
####<May 20, 2016 1:50:17 PM CEST> <Info> <Deployer> <slaskawi> <AdminServer> <[ACTIVE] ExecuteThread: '0' for queue: 'weblogic.kernel.Default (self-tuning)'> <<WLS Kernel>> <> <fa4b0e31-dc29-4ed6-a9f0-6b9e310c4ebf-00000008> <1463745017587> <[severity-value: 64] [rid: 0] [partition-id: 0] [partition-name: DOMAIN] > <BEA-149060> <Module jdg-204-reproducer.war of application jdg-204-reproducer successfully transitioned from STATE_PREPARED to STATE_NEW on server AdminServer.> 
####<May 20, 2016 1:50:17 PM CEST> <Info> <Diagnostics> <slaskawi> <AdminServer> <[ACTIVE] ExecuteThread: '0' for queue: 'weblogic.kernel.Default (self-tuning)'> <<WLS Kernel>> <> <fa4b0e31-dc29-4ed6-a9f0-6b9e310c4ebf-00000008> <1463745017606> <[severity-value: 64] [rid: 0] > <BEA-320000> <The Diagnostics subsystem is initializing on Server AdminServer.> 
####<May 20, 2016 1:50:17 PM CEST> <Notice> <Log Management> <slaskawi> <AdminServer> <[STANDBY] ExecuteThread: '4' for queue: 'weblogic.kernel.Default (self-tuning)'> <<WLS Kernel>> <> <fa4b0e31-dc29-4ed6-a9f0-6b9e310c4ebf-00000009> <1463745017617> <[severity-value: 32] [rid: 0] [partition-id: 0] [partition-name: DOMAIN] > <BEA-170027> <The server has successfully established a connection with the Domain level Diagnostic Service.> 
####<May 20, 2016 1:50:17 PM CEST> <Info> <Diagnostics> <slaskawi> <AdminServer> <[ACTIVE] ExecuteThread: '0' for queue: 'weblogic.kernel.Default (self-tuning)'> <<WLS Kernel>> <> <fa4b0e31-dc29-4ed6-a9f0-6b9e310c4ebf-00000008> <1463745017658> <[severity-value: 64] [rid: 0] [partition-id: 0] [partition-name: DOMAIN] > <BEA-320077> <Initialized the Diagnostic Accessor Service.> 
####<May 20, 2016 1:50:17 PM CEST> <Notice> <WebLogicServer> <slaskawi> <AdminServer> <[ACTIVE] ExecuteThread: '0' for queue: 'weblogic.kernel.Default (self-tuning)'> <<WLS Kernel>> <> <fa4b0e31-dc29-4ed6-a9f0-6b9e310c4ebf-00000008> <1463745017661> <[severity-value: 32] [rid: 0] [partition-id: 0] [partition-name: DOMAIN] > <BEA-000365> <Server state changed to ADMIN.> 
####<May 20, 2016 1:50:17 PM CEST> <Notice> <WebLogicServer> <slaskawi> <AdminServer> <[ACTIVE] ExecuteThread: '0' for queue: 'weblogic.kernel.Default (self-tuning)'> <<WLS Kernel>> <> <fa4b0e31-dc29-4ed6-a9f0-6b9e310c4ebf-00000008> <1463745017690> <[severity-value: 32] [rid: 0] [partition-id: 0] [partition-name: DOMAIN] > <BEA-000365> <Server state changed to RESUMING.> 
####<May 20, 2016 1:50:17 PM CEST> <Info> <Management> <slaskawi> <AdminServer> <[ACTIVE] ExecuteThread: '0' for queue: 'weblogic.kernel.Default (self-tuning)'> <<WLS Kernel>> <> <fa4b0e31-dc29-4ed6-a9f0-6b9e310c4ebf-0000000a> <1463745017699> <[severity-value: 64] [rid: 0] [partition-id: 0] [partition-name: DOMAIN] > <BEA-141052> <The auto deployment poller has started.> 
####<May 20, 2016 1:50:17 PM CEST> <Notice> <Server> <slaskawi> <AdminServer> <weblogic.socket.ServerListenThread> <<WLS Kernel>> <> <fa4b0e31-dc29-4ed6-a9f0-6b9e310c4ebf-0000000b> <1463745017984> <[severity-value: 32] [rid: 0] [partition-id: 0] [partition-name: DOMAIN] > <BEA-002613> <Channel "Default[1]" is now listening on 10.40.200.75:7001 for protocols iiop, t3, ldap, snmp, http.> 
####<May 20, 2016 1:50:17 PM CEST> <Notice> <Server> <slaskawi> <AdminServer> <weblogic.socket.ServerListenThread> <<WLS Kernel>> <> <fa4b0e31-dc29-4ed6-a9f0-6b9e310c4ebf-0000000b> <1463745017985> <[severity-value: 32] [rid: 0] [partition-id: 0] [partition-name: DOMAIN] > <BEA-002613> <Channel "Default[4]" is now listening on 127.0.0.1:7001 for protocols iiop, t3, ldap, snmp, http.> 
####<May 20, 2016 1:50:17 PM CEST> <Notice> <Server> <slaskawi> <AdminServer> <weblogic.socket.ServerListenThread> <<WLS Kernel>> <> <fa4b0e31-dc29-4ed6-a9f0-6b9e310c4ebf-0000000b> <1463745017985> <[severity-value: 32] [rid: 0] [partition-id: 0] [partition-name: DOMAIN] > <BEA-002613> <Channel "Default[3]" is now listening on 0:0:0:0:0:0:0:1%lo:7001 for protocols iiop, t3, ldap, snmp, http.> 
####<May 20, 2016 1:50:18 PM CEST> <Warning> <Server> <slaskawi> <AdminServer> <[STANDBY] ExecuteThread: '4' for queue: 'weblogic.kernel.Default (self-tuning)'> <<WLS Kernel>> <> <fa4b0e31-dc29-4ed6-a9f0-6b9e310c4ebf-0000000c> <1463745018074> <[severity-value: 16] [rid: 0] [partition-id: 0] [partition-name: DOMAIN] > <BEA-002611> <The hostname "slaskawi", maps to multiple IP addresses: 192.168.0.17, 192.168.122.1, 10.40.200.75, fe80:0:0:0:2ab2:bdff:fe1c:c159%3.> 
####<May 20, 2016 1:50:18 PM CEST> <Notice> <Server> <slaskawi> <AdminServer> <weblogic.socket.ServerListenThread> <<WLS Kernel>> <> <fa4b0e31-dc29-4ed6-a9f0-6b9e310c4ebf-0000000b> <1463745018075> <[severity-value: 32] [rid: 0] [partition-id: 0] [partition-name: DOMAIN] > <BEA-002613> <Channel "Default" is now listening on 192.168.0.17:7001 for protocols iiop, t3, ldap, snmp, http.> 
####<May 20, 2016 1:50:18 PM CEST> <Info> <Server> <slaskawi> <AdminServer> <[STANDBY] ExecuteThread: '4' for queue: 'weblogic.kernel.Default (self-tuning)'> <<WLS Kernel>> <> <fa4b0e31-dc29-4ed6-a9f0-6b9e310c4ebf-0000000c> <1463745018169> <[severity-value: 64] [rid: 0] [partition-id: 0] [partition-name: DOMAIN] > <BEA-002610> <Dynamic Listener Service initialized.> 
####<May 20, 2016 1:50:18 PM CEST> <Notice> <Server> <slaskawi> <AdminServer> <weblogic.socket.ServerListenThread> <<WLS Kernel>> <> <fa4b0e31-dc29-4ed6-a9f0-6b9e310c4ebf-0000000b> <1463745018169> <[severity-value: 32] [rid: 0] [partition-id: 0] [partition-name: DOMAIN] > <BEA-002613> <Channel "Default[2]" is now listening on 192.168.122.1:7001 for protocols iiop, t3, ldap, snmp, http.> 
####<May 20, 2016 1:50:18 PM CEST> <Notice> <WebLogicServer> <slaskawi> <AdminServer> <[STANDBY] ExecuteThread: '4' for queue: 'weblogic.kernel.Default (self-tuning)'> <<WLS Kernel>> <> <fa4b0e31-dc29-4ed6-a9f0-6b9e310c4ebf-0000000c> <1463745018169> <[severity-value: 32] [rid: 0] [partition-id: 0] [partition-name: DOMAIN] > <BEA-000331> <Started the WebLogic Server Administration Server "AdminServer" for domain "base_domain" running in development mode.> 
####<May 20, 2016 1:50:18 PM CEST> <Notice> <Server> <slaskawi> <AdminServer> <weblogic.socket.ServerListenThread> <<WLS Kernel>> <> <fa4b0e31-dc29-4ed6-a9f0-6b9e310c4ebf-0000000b> <1463745018170> <[severity-value: 32] [rid: 0] [partition-id: 0] [partition-name: DOMAIN] > <BEA-002613> <Channel "Default[1]" is now listening on 10.40.200.75:7001 for protocols iiop, t3, ldap, snmp, http.> 
####<May 20, 2016 1:50:18 PM CEST> <Notice> <Server> <slaskawi> <AdminServer> <weblogic.socket.ServerListenThread> <<WLS Kernel>> <> <fa4b0e31-dc29-4ed6-a9f0-6b9e310c4ebf-0000000b> <1463745018170> <[severity-value: 32] [rid: 0] [partition-id: 0] [partition-name: DOMAIN] > <BEA-002613> <Channel "Default[4]" is now listening on 127.0.0.1:7001 for protocols iiop, t3, ldap, snmp, http.> 
####<May 20, 2016 1:50:18 PM CEST> <Notice> <Server> <slaskawi> <AdminServer> <weblogic.socket.ServerListenThread> <<WLS Kernel>> <> <fa4b0e31-dc29-4ed6-a9f0-6b9e310c4ebf-0000000b> <1463745018170> <[severity-value: 32] [rid: 0] [partition-id: 0] [partition-name: DOMAIN] > <BEA-002613> <Channel "Default[3]" is now listening on 0:0:0:0:0:0:0:1%lo:7001 for protocols iiop, t3, ldap, snmp, http.> 
####<May 20, 2016 1:50:18 PM CEST> <Notice> <Server> <slaskawi> <AdminServer> <weblogic.socket.ServerListenThread> <<WLS Kernel>> <> <fa4b0e31-dc29-4ed6-a9f0-6b9e310c4ebf-0000000b> <1463745018170> <[severity-value: 32] [rid: 0] [partition-id: 0] [partition-name: DOMAIN] > <BEA-002613> <Channel "Default" is now listening on 192.168.0.17:7001 for protocols iiop, t3, ldap, snmp, http.> 
####<May 20, 2016 1:50:18 PM CEST> <Notice> <Server> <slaskawi> <AdminServer> <weblogic.socket.ServerListenThread> <<WLS Kernel>> <> <fa4b0e31-dc29-4ed6-a9f0-6b9e310c4ebf-0000000b> <1463745018171> <[severity-value: 32] [rid: 0] [partition-id: 0] [partition-name: DOMAIN] > <BEA-002613> <Channel "Default[2]" is now listening on 192.168.122.1:7001 for protocols iiop, t3, ldap, snmp, http.> 
####<May 20, 2016 1:50:18 PM CEST> <Notice> <WebLogicServer> <slaskawi> <AdminServer> <[STANDBY] ExecuteThread: '4' for queue: 'weblogic.kernel.Default (self-tuning)'> <<WLS Kernel>> <> <fa4b0e31-dc29-4ed6-a9f0-6b9e310c4ebf-0000000c> <1463745018171> <[severity-value: 32] [rid: 0] [partition-id: 0] [partition-name: DOMAIN] > <BEA-000360> <The server started in RUNNING mode.> 
####<May 20, 2016 1:50:18 PM CEST> <Notice> <WebLogicServer> <slaskawi> <AdminServer> <[STANDBY] ExecuteThread: '4' for queue: 'weblogic.kernel.Default (self-tuning)'> <<WLS Kernel>> <> <fa4b0e31-dc29-4ed6-a9f0-6b9e310c4ebf-0000000c> <1463745018174> <[severity-value: 32] [rid: 0] [partition-id: 0] [partition-name: DOMAIN] > <BEA-000365> <Server state changed to RUNNING.> 
####<May 20, 2016 1:50:18 PM CEST> <Info> <CONCURRENCY> <slaskawi> <AdminServer> <[STANDBY] ExecuteThread: '11' for queue: 'weblogic.kernel.Default (self-tuning)'> <<WLS Kernel>> <> <fa4b0e31-dc29-4ed6-a9f0-6b9e310c4ebf-0000000d> <1463745018209> <[severity-value: 64] [rid: 0] [partition-id: 0] [partition-name: DOMAIN] > <BEA-2162601> <Creating ContextService "DefaultContextService" (partition="DOMAIN", module="null", application="wls-management-services")> 
####<May 20, 2016 1:50:18 PM CEST> <Info> <CONCURRENCY> <slaskawi> <AdminServer> <[STANDBY] ExecuteThread: '11' for queue: 'weblogic.kernel.Default (self-tuning)'> <<WLS Kernel>> <> <fa4b0e31-dc29-4ed6-a9f0-6b9e310c4ebf-0000000d> <1463745018209> <[severity-value: 64] [rid: 0] [partition-id: 0] [partition-name: DOMAIN] > <BEA-2162600> <Creating ManagedThreadFactory "DefaultManagedThreadFactory" (partition="DOMAIN", module="null", application="wls-management-services")> 
####<May 20, 2016 1:50:18 PM CEST> <Info> <CONCURRENCY> <slaskawi> <AdminServer> <[STANDBY] ExecuteThread: '11' for queue: 'weblogic.kernel.Default (self-tuning)'> <<WLS Kernel>> <> <fa4b0e31-dc29-4ed6-a9f0-6b9e310c4ebf-0000000d> <1463745018210> <[severity-value: 64] [rid: 0] [partition-id: 0] [partition-name: DOMAIN] > <BEA-2162610> <Creating ManagedExecutorService "DefaultManagedExecutorService" (partition="DOMAIN", module="null", application="wls-management-services", workmanager="default")> 
####<May 20, 2016 1:50:18 PM CEST> <Info> <CONCURRENCY> <slaskawi> <AdminServer> <[STANDBY] ExecuteThread: '11' for queue: 'weblogic.kernel.Default (self-tuning)'> <<WLS Kernel>> <> <fa4b0e31-dc29-4ed6-a9f0-6b9e310c4ebf-0000000d> <1463745018210> <[severity-value: 64] [rid: 0] [partition-id: 0] [partition-name: DOMAIN] > <BEA-2162611> <Creating ManagedScheduledExecutorService "DefaultManagedScheduledExecutorService" (partition="DOMAIN", module="null", application="wls-management-services", workmanager="default")> 
####<May 20, 2016 1:50:18 PM CEST> <Info> <WorkManager> <slaskawi> <AdminServer> <[STANDBY] ExecuteThread: '11' for queue: 'weblogic.kernel.Default (self-tuning)'> <<WLS Kernel>> <> <fa4b0e31-dc29-4ed6-a9f0-6b9e310c4ebf-0000000d> <1463745018210> <[severity-value: 64] [rid: 0] [partition-id: 0] [partition-name: DOMAIN] > <BEA-002901> <Creating Work Manager "WlsManagementWorkManager" with configured minimum threads constraint "WlsManagementMinThreadsCount" and maximum threads constraint "null" for module "wls-management-services.war" and application "wls-management-services"> 
####<May 20, 2016 1:50:18 PM CEST> <Info> <CONCURRENCY> <slaskawi> <AdminServer> <[STANDBY] ExecuteThread: '11' for queue: 'weblogic.kernel.Default (self-tuning)'> <<WLS Kernel>> <> <fa4b0e31-dc29-4ed6-a9f0-6b9e310c4ebf-0000000d> <1463745018305> <[severity-value: 64] [rid: 0] [partition-id: 0] [partition-name: DOMAIN] > <BEA-2162601> <Creating ContextService "DefaultContextService" (partition="DOMAIN", module="null", application="jms-internal-notran-adp")> 
####<May 20, 2016 1:50:18 PM CEST> <Info> <CONCURRENCY> <slaskawi> <AdminServer> <[STANDBY] ExecuteThread: '11' for queue: 'weblogic.kernel.Default (self-tuning)'> <<WLS Kernel>> <> <fa4b0e31-dc29-4ed6-a9f0-6b9e310c4ebf-0000000d> <1463745018305> <[severity-value: 64] [rid: 0] [partition-id: 0] [partition-name: DOMAIN] > <BEA-2162600> <Creating ManagedThreadFactory "DefaultManagedThreadFactory" (partition="DOMAIN", module="null", application="jms-internal-notran-adp")> 
####<May 20, 2016 1:50:18 PM CEST> <Info> <CONCURRENCY> <slaskawi> <AdminServer> <[STANDBY] ExecuteThread: '11' for queue: 'weblogic.kernel.Default (self-tuning)'> <<WLS Kernel>> <> <fa4b0e31-dc29-4ed6-a9f0-6b9e310c4ebf-0000000d> <1463745018305> <[severity-value: 64] [rid: 0] [partition-id: 0] [partition-name: DOMAIN] > <BEA-2162610> <Creating ManagedExecutorService "DefaultManagedExecutorService" (partition="DOMAIN", module="null", application="jms-internal-notran-adp", workmanager="default")> 
####<May 20, 2016 1:50:18 PM CEST> <Info> <CONCURRENCY> <slaskawi> <AdminServer> <[STANDBY] ExecuteThread: '11' for queue: 'weblogic.kernel.Default (self-tuning)'> <<WLS Kernel>> <> <fa4b0e31-dc29-4ed6-a9f0-6b9e310c4ebf-0000000d> <1463745018305> <[severity-value: 64] [rid: 0] [partition-id: 0] [partition-name: DOMAIN] > <BEA-2162611> <Creating ManagedScheduledExecutorService "DefaultManagedScheduledExecutorService" (partition="DOMAIN", module="null", application="jms-internal-notran-adp", workmanager="default")> 
####<May 20, 2016 1:50:18 PM CEST> <Info> <Connector> <slaskawi> <AdminServer> <[STANDBY] ExecuteThread: '11' for queue: 'weblogic.kernel.Default (self-tuning)'> <<WLS Kernel>> <> <fa4b0e31-dc29-4ed6-a9f0-6b9e310c4ebf-0000000d> <1463745018328> <[severity-value: 64] [rid: 0] [partition-id: 0] [partition-name: DOMAIN] > <BEA-190156> <There were no compliance or validation errors found in the resource adapter /opt/oracle/Middleware/Oracle_Home/user_projects/domains/base_domain/servers/AdminServer/tmp/.internal/jms-internal-notran-adp.rar.> 
####<May 20, 2016 1:50:18 PM CEST> <Info> <Connector> <slaskawi> <AdminServer> <[STANDBY] ExecuteThread: '11' for queue: 'weblogic.kernel.Default (self-tuning)'> <<WLS Kernel>> <> <fa4b0e31-dc29-4ed6-a9f0-6b9e310c4ebf-0000000d> <1463745018328> <[severity-value: 64] [rid: 0] [partition-id: 0] [partition-name: DOMAIN] > <BEA-199185> <There is no META-INF/validation.xml file in the adapter archive /opt/oracle/Middleware/Oracle_Home/user_projects/domains/base_domain/servers/AdminServer/tmp/_WL_internal/jms-internal-notran-adp/7h9z9c. The default Bean Validation configuration will be used.> 
####<May 20, 2016 1:50:18 PM CEST> <Info> <CONCURRENCY> <slaskawi> <AdminServer> <[STANDBY] ExecuteThread: '11' for queue: 'weblogic.kernel.Default (self-tuning)'> <<WLS Kernel>> <> <fa4b0e31-dc29-4ed6-a9f0-6b9e310c4ebf-0000000d> <1463745018342> <[severity-value: 64] [rid: 0] [partition-id: 0] [partition-name: DOMAIN] > <BEA-2162601> <Creating ContextService "DefaultContextService" (partition="DOMAIN", module="null", application="jms-internal-xa-adp")> 
####<May 20, 2016 1:50:18 PM CEST> <Info> <CONCURRENCY> <slaskawi> <AdminServer> <[STANDBY] ExecuteThread: '11' for queue: 'weblogic.kernel.Default (self-tuning)'> <<WLS Kernel>> <> <fa4b0e31-dc29-4ed6-a9f0-6b9e310c4ebf-0000000d> <1463745018342> <[severity-value: 64] [rid: 0] [partition-id: 0] [partition-name: DOMAIN] > <BEA-2162600> <Creating ManagedThreadFactory "DefaultManagedThreadFactory" (partition="DOMAIN", module="null", application="jms-internal-xa-adp")> 
####<May 20, 2016 1:50:18 PM CEST> <Info> <CONCURRENCY> <slaskawi> <AdminServer> <[STANDBY] ExecuteThread: '11' for queue: 'weblogic.kernel.Default (self-tuning)'> <<WLS Kernel>> <> <fa4b0e31-dc29-4ed6-a9f0-6b9e310c4ebf-0000000d> <1463745018342> <[severity-value: 64] [rid: 0] [partition-id: 0] [partition-name: DOMAIN] > <BEA-2162610> <Creating ManagedExecutorService "DefaultManagedExecutorService" (partition="DOMAIN", module="null", application="jms-internal-xa-adp", workmanager="default")> 
####<May 20, 2016 1:50:18 PM CEST> <Info> <CONCURRENCY> <slaskawi> <AdminServer> <[STANDBY] ExecuteThread: '11' for queue: 'weblogic.kernel.Default (self-tuning)'> <<WLS Kernel>> <> <fa4b0e31-dc29-4ed6-a9f0-6b9e310c4ebf-0000000d> <1463745018342> <[severity-value: 64] [rid: 0] [partition-id: 0] [partition-name: DOMAIN] > <BEA-2162611> <Creating ManagedScheduledExecutorService "DefaultManagedScheduledExecutorService" (partition="DOMAIN", module="null", application="jms-internal-xa-adp", workmanager="default")> 
####<May 20, 2016 1:50:18 PM CEST> <Info> <Connector> <slaskawi> <AdminServer> <[STANDBY] ExecuteThread: '11' for queue: 'weblogic.kernel.Default (self-tuning)'> <<WLS Kernel>> <> <fa4b0e31-dc29-4ed6-a9f0-6b9e310c4ebf-0000000d> <1463745018345> <[severity-value: 64] [rid: 0] [partition-id: 0] [partition-name: DOMAIN] > <BEA-190156> <There were no compliance or validation errors found in the resource adapter /opt/oracle/Middleware/Oracle_Home/user_projects/domains/base_domain/servers/AdminServer/tmp/.internal/jms-internal-xa-adp.rar.> 
####<May 20, 2016 1:50:18 PM CEST> <Info> <Connector> <slaskawi> <AdminServer> <[STANDBY] ExecuteThread: '11' for queue: 'weblogic.kernel.Default (self-tuning)'> <<WLS Kernel>> <> <fa4b0e31-dc29-4ed6-a9f0-6b9e310c4ebf-0000000d> <1463745018345> <[severity-value: 64] [rid: 0] [partition-id: 0] [partition-name: DOMAIN] > <BEA-199185> <There is no META-INF/validation.xml file in the adapter archive /opt/oracle/Middleware/Oracle_Home/user_projects/domains/base_domain/servers/AdminServer/tmp/_WL_internal/jms-internal-xa-adp/tnsg1m. The default Bean Validation configuration will be used.> 
####<May 20, 2016 1:50:18 PM CEST> <Info> <CONCURRENCY> <slaskawi> <AdminServer> <[STANDBY] ExecuteThread: '11' for queue: 'weblogic.kernel.Default (self-tuning)'> <<WLS Kernel>> <> <fa4b0e31-dc29-4ed6-a9f0-6b9e310c4ebf-0000000d> <1463745018395> <[severity-value: 64] [rid: 0] [partition-id: 0] [partition-name: DOMAIN] > <BEA-2162601> <Creating ContextService "DefaultContextService" (partition="DOMAIN", module="null", application="mejb")> 
####<May 20, 2016 1:50:18 PM CEST> <Info> <CONCURRENCY> <slaskawi> <AdminServer> <[STANDBY] ExecuteThread: '11' for queue: 'weblogic.kernel.Default (self-tuning)'> <<WLS Kernel>> <> <fa4b0e31-dc29-4ed6-a9f0-6b9e310c4ebf-0000000d> <1463745018395> <[severity-value: 64] [rid: 0] [partition-id: 0] [partition-name: DOMAIN] > <BEA-2162600> <Creating ManagedThreadFactory "DefaultManagedThreadFactory" (partition="DOMAIN", module="null", application="mejb")> 
####<May 20, 2016 1:50:18 PM CEST> <Info> <CONCURRENCY> <slaskawi> <AdminServer> <[STANDBY] ExecuteThread: '11' for queue: 'weblogic.kernel.Default (self-tuning)'> <<WLS Kernel>> <> <fa4b0e31-dc29-4ed6-a9f0-6b9e310c4ebf-0000000d> <1463745018396> <[severity-value: 64] [rid: 0] [partition-id: 0] [partition-name: DOMAIN] > <BEA-2162610> <Creating ManagedExecutorService "DefaultManagedExecutorService" (partition="DOMAIN", module="null", application="mejb", workmanager="default")> 
####<May 20, 2016 1:50:18 PM CEST> <Info> <CONCURRENCY> <slaskawi> <AdminServer> <[STANDBY] ExecuteThread: '11' for queue: 'weblogic.kernel.Default (self-tuning)'> <<WLS Kernel>> <> <fa4b0e31-dc29-4ed6-a9f0-6b9e310c4ebf-0000000d> <1463745018397> <[severity-value: 64] [rid: 0] [partition-id: 0] [partition-name: DOMAIN] > <BEA-2162611> <Creating ManagedScheduledExecutorService "DefaultManagedScheduledExecutorService" (partition="DOMAIN", module="null", application="mejb", workmanager="default")> 
####<May 20, 2016 1:50:18 PM CEST> <Info> <EJB> <slaskawi> <AdminServer> <[STANDBY] ExecuteThread: '11' for queue: 'weblogic.kernel.Default (self-tuning)'> <<WLS Kernel>> <> <fa4b0e31-dc29-4ed6-a9f0-6b9e310c4ebf-0000000d> <1463745018411> <[severity-value: 64] [rid: 0] [partition-id: 0] [partition-name: DOMAIN] > <BEA-010008> <EJB Deploying file: mejb.jar.> 
####<May 20, 2016 1:50:19 PM CEST> <Info> <Common> <slaskawi> <AdminServer> <[STANDBY] ExecuteThread: '11' for queue: 'weblogic.kernel.Default (self-tuning)'> <<WLS Kernel>> <> <fa4b0e31-dc29-4ed6-a9f0-6b9e310c4ebf-0000000d> <1463745019354> <[severity-value: 64] [rid: 0] [partition-id: 0] [partition-name: DOMAIN] > <BEA-000625> <The application has disabled periodic testing of free resources in pool "eis/jms/internal/WLSConnectionFactoryJNDINoTX".> 
####<May 20, 2016 1:50:19 PM CEST> <Info> <Common> <slaskawi> <AdminServer> <[STANDBY] ExecuteThread: '11' for queue: 'weblogic.kernel.Default (self-tuning)'> <<WLS Kernel>> <> <fa4b0e31-dc29-4ed6-a9f0-6b9e310c4ebf-0000000d> <1463745019359> <[severity-value: 64] [rid: 0] [partition-id: 0] [partition-name: DOMAIN] > <BEA-000640> <Resource Pool "eis/jms/internal/WLSConnectionFactoryJNDINoTX" resuming by external command (multi data source or console or other).> 
####<May 20, 2016 1:50:19 PM CEST> <Info> <Common> <slaskawi> <AdminServer> <[STANDBY] ExecuteThread: '11' for queue: 'weblogic.kernel.Default (self-tuning)'> <<WLS Kernel>> <> <fa4b0e31-dc29-4ed6-a9f0-6b9e310c4ebf-0000000d> <1463745019366> <[severity-value: 64] [rid: 0] [partition-id: 0] [partition-name: DOMAIN] > <BEA-000625> <The application has disabled periodic testing of free resources in pool "eis/jms/internal/WLSConnectionFactoryJNDIXA".> 
####<May 20, 2016 1:50:19 PM CEST> <Info> <Common> <slaskawi> <AdminServer> <[STANDBY] ExecuteThread: '11' for queue: 'weblogic.kernel.Default (self-tuning)'> <<WLS Kernel>> <> <fa4b0e31-dc29-4ed6-a9f0-6b9e310c4ebf-0000000d> <1463745019366> <[severity-value: 64] [rid: 0] [partition-id: 0] [partition-name: DOMAIN] > <BEA-000640> <Resource Pool "eis/jms/internal/WLSConnectionFactoryJNDIXA" resuming by external command (multi data source or console or other).> 
####<May 20, 2016 1:50:19 PM CEST> <Info> <EJB> <slaskawi> <AdminServer> <[STANDBY] ExecuteThread: '11' for queue: 'weblogic.kernel.Default (self-tuning)'> <<WLS Kernel>> <> <fa4b0e31-dc29-4ed6-a9f0-6b9e310c4ebf-0000000d> <1463745019379> <[severity-value: 64] [rid: 0] [partition-id: 0] [partition-name: DOMAIN] > <BEA-014021> <The EJB Mejb(Application: mejb, EJBComponent: mejb.jar) has been successfully deployed. The following remote interfaces have been bound into JNDI with the specified JNDI names:> 
####<May 20, 2016 1:50:19 PM CEST> <Info> <EJB> <slaskawi> <AdminServer> <[STANDBY] ExecuteThread: '11' for queue: 'weblogic.kernel.Default (self-tuning)'> <<WLS Kernel>> <> <fa4b0e31-dc29-4ed6-a9f0-6b9e310c4ebf-0000000d> <1463745019380> <[severity-value: 64] [rid: 0] [partition-id: 0] [partition-name: DOMAIN] > <BEA-010009> <EJB deployed EJB with JNDI name ejb.mgmt.MEJB.> 
####<May 20, 2016 1:50:19 PM CEST> <Info> <EJB> <slaskawi> <AdminServer> <[STANDBY] ExecuteThread: '11' for queue: 'weblogic.kernel.Default (self-tuning)'> <<WLS Kernel>> <> <fa4b0e31-dc29-4ed6-a9f0-6b9e310c4ebf-0000000d> <1463745019380> <[severity-value: 64] [rid: 0] [partition-id: 0] [partition-name: DOMAIN] > <BEA-014022> <javax.management.j2ee.ManagementHome is bound with JNDI name java:module/Mejb.> 
####<May 20, 2016 1:50:19 PM CEST> <Info> <EJB> <slaskawi> <AdminServer> <[STANDBY] ExecuteThread: '11' for queue: 'weblogic.kernel.Default (self-tuning)'> <<WLS Kernel>> <> <fa4b0e31-dc29-4ed6-a9f0-6b9e310c4ebf-0000000d> <1463745019380> <[severity-value: 64] [rid: 0] [partition-id: 0] [partition-name: DOMAIN] > <BEA-014022> <javax.management.j2ee.ManagementHome is bound with JNDI name java:app/mejb/Mejb!javax.management.j2ee.ManagementHome.> 
####<May 20, 2016 1:50:19 PM CEST> <Info> <EJB> <slaskawi> <AdminServer> <[STANDBY] ExecuteThread: '11' for queue: 'weblogic.kernel.Default (self-tuning)'> <<WLS Kernel>> <> <fa4b0e31-dc29-4ed6-a9f0-6b9e310c4ebf-0000000d> <1463745019380> <[severity-value: 64] [rid: 0] [partition-id: 0] [partition-name: DOMAIN] > <BEA-014022> <javax.management.j2ee.ManagementHome is bound with JNDI name java:global/mejb/Mejb!javax.management.j2ee.ManagementHome.> 
####<May 20, 2016 1:50:19 PM CEST> <Info> <EJB> <slaskawi> <AdminServer> <[STANDBY] ExecuteThread: '11' for queue: 'weblogic.kernel.Default (self-tuning)'> <<WLS Kernel>> <> <fa4b0e31-dc29-4ed6-a9f0-6b9e310c4ebf-0000000d> <1463745019380> <[severity-value: 64] [rid: 0] [partition-id: 0] [partition-name: DOMAIN] > <BEA-014022> <javax.management.j2ee.ManagementHome is bound with JNDI name java:module/Mejb!javax.management.j2ee.ManagementHome.> 
####<May 20, 2016 1:50:19 PM CEST> <Info> <EJB> <slaskawi> <AdminServer> <[STANDBY] ExecuteThread: '11' for queue: 'weblogic.kernel.Default (self-tuning)'> <<WLS Kernel>> <> <fa4b0e31-dc29-4ed6-a9f0-6b9e310c4ebf-0000000d> <1463745019380> <[severity-value: 64] [rid: 0] [partition-id: 0] [partition-name: DOMAIN] > <BEA-014022> <javax.management.j2ee.ManagementHome is bound with JNDI name java:global/mejb/Mejb.> 
####<May 20, 2016 1:50:19 PM CEST> <Info> <EJB> <slaskawi> <AdminServer> <[STANDBY] ExecuteThread: '11' for queue: 'weblogic.kernel.Default (self-tuning)'> <<WLS Kernel>> <> <fa4b0e31-dc29-4ed6-a9f0-6b9e310c4ebf-0000000d> <1463745019380> <[severity-value: 64] [rid: 0] [partition-id: 0] [partition-name: DOMAIN] > <BEA-014022> <javax.management.j2ee.ManagementHome is bound with JNDI name java:app/mejb/Mejb.> 
####<May 20, 2016 1:50:20 PM CEST> <Notice> <WebLogicServer> <slaskawi> <AdminServer> <Thread-3> <<WLS Kernel>> <> <fa4b0e31-dc29-4ed6-a9f0-6b9e310c4ebf-0000000e> <1463745020892> <[severity-value: 32] [rid: 0] [partition-id: 0] [partition-name: DOMAIN] > <BEA-000388> <JVM called the WebLogic Server shutdown hook. The server will force shutdown now.> 
####<May 20, 2016 1:50:20 PM CEST> <Notice> <WebLogicServer> <slaskawi> <AdminServer> <Thread-3> <<WLS Kernel>> <> <fa4b0e31-dc29-4ed6-a9f0-6b9e310c4ebf-0000000e> <1463745020893> <[severity-value: 32] [rid: 0] [partition-id: 0] [partition-name: DOMAIN] > <BEA-000396> <Server shutdown has been requested by <WLS Kernel>.> 
####<May 20, 2016 1:50:20 PM CEST> <Notice> <WebLogicServer> <slaskawi> <AdminServer> <Thread-3> <<WLS Kernel>> <> <fa4b0e31-dc29-4ed6-a9f0-6b9e310c4ebf-0000000e> <1463745020894> <[severity-value: 32] [rid: 0] [partition-id: 0] [partition-name: DOMAIN] > <BEA-000365> <Server state changed to FORCE_SUSPENDING.> 
####<May 20, 2016 1:50:20 PM CEST> <Notice> <WebLogicServer> <slaskawi> <AdminServer> <Thread-3> <<WLS Kernel>> <> <fa4b0e31-dc29-4ed6-a9f0-6b9e310c4ebf-0000000e> <1463745020904> <[severity-value: 32] [rid: 0] [partition-id: 0] [partition-name: DOMAIN] > <BEA-000365> <Server state changed to ADMIN.> 
####<May 20, 2016 1:50:20 PM CEST> <Notice> <WebLogicServer> <slaskawi> <AdminServer> <Thread-3> <<WLS Kernel>> <> <fa4b0e31-dc29-4ed6-a9f0-6b9e310c4ebf-0000000e> <1463745020905> <[severity-value: 32] [rid: 0] [partition-id: 0] [partition-name: DOMAIN] > <BEA-000365> <Server state changed to FORCE_SHUTTING_DOWN.> 
####<May 20, 2016 1:50:20 PM CEST> <Info> <Diagnostics> <slaskawi> <AdminServer> <[ACTIVE] ExecuteThread: '0' for queue: 'weblogic.kernel.Default (self-tuning)'> <<WLS Kernel>> <> <fa4b0e31-dc29-4ed6-a9f0-6b9e310c4ebf-0000000f> <1463745020905> <[severity-value: 64] [rid: 0] [partition-id: 0] [partition-name: DOMAIN] > <BEA-320002> <The Diagnostics subsystem is stopping on Server AdminServer.> 
####<May 20, 2016 1:50:20 PM CEST> <Info> <SAFService> <slaskawi> <AdminServer> <[ACTIVE] ExecuteThread: '0' for queue: 'weblogic.kernel.Default (self-tuning)'> <<WLS Kernel>> <> <fa4b0e31-dc29-4ed6-a9f0-6b9e310c4ebf-0000000f> <1463745020909> <[severity-value: 64] [rid: 0] [partition-id: 0] [partition-name: DOMAIN] > <BEA-281004> <The SAF service has been suspended.> 
####<May 20, 2016 1:50:20 PM CEST> <Info> <SAFService> <slaskawi> <AdminServer> <[ACTIVE] ExecuteThread: '0' for queue: 'weblogic.kernel.Default (self-tuning)'> <<WLS Kernel>> <> <fa4b0e31-dc29-4ed6-a9f0-6b9e310c4ebf-0000000f> <1463745020909> <[severity-value: 64] [rid: 0] [partition-id: 0] [partition-name: DOMAIN] > <BEA-281005> <The SAF service has been shut down.> 
####<May 20, 2016 1:50:20 PM CEST> <Notice> <Log Management> <slaskawi> <AdminServer> <[ACTIVE] ExecuteThread: '0' for queue: 'weblogic.kernel.Default (self-tuning)'> <<WLS Kernel>> <> <fa4b0e31-dc29-4ed6-a9f0-6b9e310c4ebf-0000000f> <1463745020911> <[severity-value: 32] [rid: 0] [partition-id: 0] [partition-name: DOMAIN] > <BEA-170037> <The log monitoring service timer has been stopped.> 
####<May 20, 2016 1:50:20 PM CEST> <Info> <JDBC> <slaskawi> <AdminServer> <[STANDBY] ExecuteThread: '4' for queue: 'weblogic.kernel.Default (self-tuning)'> <<WLS Kernel>> <> <fa4b0e31-dc29-4ed6-a9f0-6b9e310c4ebf-00000010> <1463745020919> <[severity-value: 64] [rid: 0] [partition-id: 0] [partition-name: DOMAIN] > <BEA-001513> <Destroying application-scoped data source java:comp/DefaultDataSource, created for Application bea_wls_internal, Module bea_wls_internal.> 
####<May 20, 2016 1:50:20 PM CEST> <Info> <JMX> <slaskawi> <AdminServer> <[STANDBY] ExecuteThread: '4' for queue: 'weblogic.kernel.Default (self-tuning)'> <<WLS Kernel>> <> <fa4b0e31-dc29-4ed6-a9f0-6b9e310c4ebf-00000010> <1463745020921> <[severity-value: 64] [rid: 0] [partition-id: 0] [partition-name: DOMAIN] > <BEA-149513> <JMX Connector Server stopped at service:jmx:iiop://192.168.0.17:7001/jndi/weblogic.management.mbeanservers.edit.> 
####<May 20, 2016 1:50:20 PM CEST> <Info> <JDBC> <slaskawi> <AdminServer> <[STANDBY] ExecuteThread: '4' for queue: 'weblogic.kernel.Default (self-tuning)'> <<WLS Kernel>> <> <fa4b0e31-dc29-4ed6-a9f0-6b9e310c4ebf-00000010> <1463745020930> <[severity-value: 64] [rid: 0] [partition-id: 0] [partition-name: DOMAIN] > <BEA-001513> <Destroying application-scoped data source java:comp/DefaultDataSource, created for Application wls-management-services, Module wls-management-services.> 
####<May 20, 2016 1:50:20 PM CEST> <Info> <JDBC> <slaskawi> <AdminServer> <[STANDBY] ExecuteThread: '4' for queue: 'weblogic.kernel.Default (self-tuning)'> <<WLS Kernel>> <> <fa4b0e31-dc29-4ed6-a9f0-6b9e310c4ebf-00000010> <1463745020938> <[severity-value: 64] [rid: 0] [partition-id: 0] [partition-name: DOMAIN] > <BEA-001513> <Destroying application-scoped data source java:comp/DefaultDataSource, created for Application mejb, Module mejb.> 
####<May 20, 2016 1:50:20 PM CEST> <Info> <Common> <slaskawi> <AdminServer> <[STANDBY] ExecuteThread: '4' for queue: 'weblogic.kernel.Default (self-tuning)'> <<WLS Kernel>> <> <fa4b0e31-dc29-4ed6-a9f0-6b9e310c4ebf-00000010> <1463745020941> <[severity-value: 64] [rid: 0] [partition-id: 0] [partition-name: DOMAIN] > <BEA-000639> <Resource Pool "eis/jms/internal/WLSConnectionFactoryJNDIXA" is being force-suspended by an external command (multi data source or console or other).> 
####<May 20, 2016 1:50:20 PM CEST> <Info> <Common> <slaskawi> <AdminServer> <[STANDBY] ExecuteThread: '4' for queue: 'weblogic.kernel.Default (self-tuning)'> <<WLS Kernel>> <> <fa4b0e31-dc29-4ed6-a9f0-6b9e310c4ebf-00000010> <1463745020943> <[severity-value: 64] [rid: 0] [partition-id: 0] [partition-name: DOMAIN] > <BEA-000639> <Resource Pool "eis/jms/internal/WLSConnectionFactoryJNDINoTX" is being force-suspended by an external command (multi data source or console or other).> 
####<May 20, 2016 1:50:20 PM CEST> <Info> <JDBC> <slaskawi> <AdminServer> <[STANDBY] ExecuteThread: '4' for queue: 'weblogic.kernel.Default (self-tuning)'> <<WLS Kernel>> <> <fa4b0e31-dc29-4ed6-a9f0-6b9e310c4ebf-00000010> <1463745020953> <[severity-value: 64] [rid: 0] [partition-id: 0] [partition-name: DOMAIN] > <BEA-001144> <Force Suspending the JDBC service.> 
####<May 20, 2016 1:50:20 PM CEST> <Info> <JDBC> <slaskawi> <AdminServer> <[STANDBY] ExecuteThread: '4' for queue: 'weblogic.kernel.Default (self-tuning)'> <<WLS Kernel>> <> <fa4b0e31-dc29-4ed6-a9f0-6b9e310c4ebf-00000010> <1463745020953> <[severity-value: 64] [rid: 0] [partition-id: 0] [partition-name: DOMAIN] > <BEA-001146> <Force suspend of the JDBC service completed.> 
####<May 20, 2016 1:50:20 PM CEST> <Info> <JDBC> <slaskawi> <AdminServer> <[STANDBY] ExecuteThread: '4' for queue: 'weblogic.kernel.Default (self-tuning)'> <<WLS Kernel>> <> <fa4b0e31-dc29-4ed6-a9f0-6b9e310c4ebf-00000010> <1463745020953> <[severity-value: 64] [rid: 0] [partition-id: 0] [partition-name: DOMAIN] > <BEA-001147> <Shutting down the JDBC service.> 
####<May 20, 2016 1:50:20 PM CEST> <Info> <JDBC> <slaskawi> <AdminServer> <[STANDBY] ExecuteThread: '4' for queue: 'weblogic.kernel.Default (self-tuning)'> <<WLS Kernel>> <> <fa4b0e31-dc29-4ed6-a9f0-6b9e310c4ebf-00000010> <1463745020954> <[severity-value: 64] [rid: 0] [partition-id: 0] [partition-name: DOMAIN] > <BEA-001149> <Shutdown of the JDBC service has completed.> 
####<May 20, 2016 1:50:20 PM CEST> <Info> <MessagingBridge> <slaskawi> <AdminServer> <[STANDBY] ExecuteThread: '4' for queue: 'weblogic.kernel.Default (self-tuning)'> <<WLS Kernel>> <> <fa4b0e31-dc29-4ed6-a9f0-6b9e310c4ebf-00000010> <1463745020957> <[severity-value: 64] [rid: 0] [partition-id: 0] [partition-name: DOMAIN] > <BEA-200001> <The messaging bridge service has successfully shut down.> 
####<May 20, 2016 1:50:20 PM CEST> <Info> <JMS> <slaskawi> <AdminServer> <[STANDBY] ExecuteThread: '4' for queue: 'weblogic.kernel.Default (self-tuning)'> <<WLS Kernel>> <> <fa4b0e31-dc29-4ed6-a9f0-6b9e310c4ebf-00000010> <1463745020957> <[severity-value: 64] [rid: 0] [partition-id: 0] [partition-name: DOMAIN] > <BEA-040308> <JMS service is suspending.> 
####<May 20, 2016 1:50:20 PM CEST> <Info> <JMS> <slaskawi> <AdminServer> <[STANDBY] ExecuteThread: '4' for queue: 'weblogic.kernel.Default (self-tuning)'> <<WLS Kernel>> <> <fa4b0e31-dc29-4ed6-a9f0-6b9e310c4ebf-00000010> <1463745020959> <[severity-value: 64] [rid: 0] [partition-id: 0] [partition-name: DOMAIN] > <BEA-040107> <Undeployed 8 default connection factories.> 
####<May 20, 2016 1:50:20 PM CEST> <Info> <JMS> <slaskawi> <AdminServer> <[STANDBY] ExecuteThread: '4' for queue: 'weblogic.kernel.Default (self-tuning)'> <<WLS Kernel>> <> <fa4b0e31-dc29-4ed6-a9f0-6b9e310c4ebf-00000010> <1463745020960> <[severity-value: 64] [rid: 0] [partition-id: 0] [partition-name: DOMAIN] > <BEA-040015> <JMS shutdown is complete.> 
####<May 20, 2016 1:50:20 PM CEST> <Info> <JMX> <slaskawi> <AdminServer> <[STANDBY] ExecuteThread: '4' for queue: 'weblogic.kernel.Default (self-tuning)'> <<WLS Kernel>> <> <fa4b0e31-dc29-4ed6-a9f0-6b9e310c4ebf-00000010> <1463745020961> <[severity-value: 64] [rid: 0] [partition-id: 0] [partition-name: DOMAIN] > <BEA-149513> <JMX Connector Server stopped at service:jmx:iiop://192.168.0.17:7001/jndi/weblogic.management.mbeanservers.runtime.> 
####<May 20, 2016 1:50:20 PM CEST> <Info> <JMX> <slaskawi> <AdminServer> <[STANDBY] ExecuteThread: '4' for queue: 'weblogic.kernel.Default (self-tuning)'> <<WLS Kernel>> <> <fa4b0e31-dc29-4ed6-a9f0-6b9e310c4ebf-00000010> <1463745020961> <[severity-value: 64] [rid: 0] [partition-id: 0] [partition-name: DOMAIN] > <BEA-149513> <JMX Connector Server stopped at service:jmx:iiop://192.168.0.17:7001/jndi/weblogic.management.mbeanservers.domainruntime.> 
####<May 20, 2016 1:50:20 PM CEST> <Info> <WebLogicServer> <slaskawi> <AdminServer> <[STANDBY] ExecuteThread: '7' for queue: 'weblogic.kernel.Default (self-tuning)'> <<WLS Kernel>> <> <fa4b0e31-dc29-4ed6-a9f0-6b9e310c4ebf-00000011> <1463745020964> <[severity-value: 64] [rid: 0] [partition-id: 0] [partition-name: DOMAIN] > <BEA-000236> <Stopping execute threads.> 
