weblogic.management.DeploymentException: CDI deployment failure:null
	at com.oracle.injection.integration.CDIAppDeploymentExtension.initCdi(CDIAppDeploymentExtension.java:79)
	at com.oracle.injection.integration.CDIAppDeploymentExtension.activate(CDIAppDeploymentExtension.java:41)
	at weblogic.application.internal.flow.AppDeploymentExtensionFlow.activate(AppDeploymentExtensionFlow.java:39)
	at weblogic.application.internal.BaseDeployment$2.next(BaseDeployment.java:753)
	at weblogic.application.utils.StateMachineDriver.nextState(StateMachineDriver.java:45)
	at weblogic.application.internal.BaseDeployment.activate(BaseDeployment.java:263)
	at weblogic.application.internal.SingleModuleDeployment.activate(SingleModuleDeployment.java:53)
	at weblogic.application.internal.DeploymentStateChecker.activate(DeploymentStateChecker.java:165)
	at weblogic.deploy.internal.targetserver.AppContainerInvoker.activate(AppContainerInvoker.java:80)
	at weblogic.deploy.internal.targetserver.BasicDeployment.activate(BasicDeployment.java:265)
	at weblogic.deploy.internal.targetserver.BasicDeployment.activateFromServerLifecycle(BasicDeployment.java:481)
	at weblogic.management.deploy.internal.DeploymentAdapter$1.doActivate(DeploymentAdapter.java:53)
	at weblogic.management.deploy.internal.DeploymentAdapter.activate(DeploymentAdapter.java:202)
	at weblogic.management.deploy.internal.AppTransition$2.transitionApp(AppTransition.java:52)
	at weblogic.management.deploy.internal.ConfiguredDeployments$2.doItem(ConfiguredDeployments.java:592)
	at weblogic.management.deploy.internal.parallel.BucketInvoker.invoke(BucketInvoker.java:138)
	at weblogic.management.deploy.internal.ConfiguredDeployments.transitionAppsParallel(ConfiguredDeployments.java:600)
	at weblogic.management.deploy.internal.ConfiguredDeployments.activate(ConfiguredDeployments.java:259)
	at weblogic.management.deploy.internal.ConfiguredDeployments.deploy(ConfiguredDeployments.java:155)
	at weblogic.management.deploy.internal.DeploymentServerService.resume(DeploymentServerService.java:221)
	at weblogic.management.deploy.internal.DeploymentServerService.start(DeploymentServerService.java:130)
	at weblogic.server.AbstractServerService.postConstruct(AbstractServerService.java:76)
	at sun.reflect.GeneratedMethodAccessor5.invoke(Unknown Source)
	at sun.reflect.DelegatingMethodAccessorImpl.invoke(DelegatingMethodAccessorImpl.java:43)
	at java.lang.reflect.Method.invoke(Method.java:498)
	at org.glassfish.hk2.utilities.reflection.ReflectionHelper.invoke(ReflectionHelper.java:1262)
	at org.jvnet.hk2.internal.ClazzCreator.postConstructMe(ClazzCreator.java:332)
	at org.jvnet.hk2.internal.ClazzCreator.create(ClazzCreator.java:374)
	at org.jvnet.hk2.internal.SystemDescriptor.create(SystemDescriptor.java:471)
	at org.glassfish.hk2.runlevel.internal.AsyncRunLevelContext.findOrCreate(AsyncRunLevelContext.java:228)
	at org.glassfish.hk2.runlevel.RunLevelContext.findOrCreate(RunLevelContext.java:85)
	at org.jvnet.hk2.internal.Utilities.createService(Utilities.java:2072)
	at org.jvnet.hk2.internal.ServiceHandleImpl.getService(ServiceHandleImpl.java:114)
	at org.jvnet.hk2.internal.ServiceLocatorImpl.getService(ServiceLocatorImpl.java:698)
	at org.jvnet.hk2.internal.ThreeThirtyResolver.resolve(ThreeThirtyResolver.java:78)
	at org.jvnet.hk2.internal.ClazzCreator.resolve(ClazzCreator.java:211)
	at org.jvnet.hk2.internal.ClazzCreator.resolveAllDependencies(ClazzCreator.java:234)
	at org.jvnet.hk2.internal.ClazzCreator.create(ClazzCreator.java:357)
	at org.jvnet.hk2.internal.SystemDescriptor.create(SystemDescriptor.java:471)
	at org.glassfish.hk2.runlevel.internal.AsyncRunLevelContext.findOrCreate(AsyncRunLevelContext.java:228)
	at org.glassfish.hk2.runlevel.RunLevelContext.findOrCreate(RunLevelContext.java:85)
	at org.jvnet.hk2.internal.Utilities.createService(Utilities.java:2072)
	at org.jvnet.hk2.internal.ServiceHandleImpl.getService(ServiceHandleImpl.java:114)
	at org.jvnet.hk2.internal.ServiceHandleImpl.getService(ServiceHandleImpl.java:88)
	at org.glassfish.hk2.runlevel.internal.CurrentTaskFuture$QueueRunner.oneJob(CurrentTaskFuture.java:1213)
	at org.glassfish.hk2.runlevel.internal.CurrentTaskFuture$QueueRunner.run(CurrentTaskFuture.java:1144)
	at weblogic.work.SelfTuningWorkManagerImpl$WorkAdapterImpl.run(SelfTuningWorkManagerImpl.java:643)
	at weblogic.invocation.ComponentInvocationContextManager._runAs(ComponentInvocationContextManager.java:348)
	at weblogic.invocation.ComponentInvocationContextManager.runAs(ComponentInvocationContextManager.java:333)
	at weblogic.work.LivePartitionUtility.doRunWorkUnderContext(LivePartitionUtility.java:54)
	at weblogic.work.PartitionUtility.runWorkUnderContext(PartitionUtility.java:41)
	at weblogic.work.SelfTuningWorkManagerImpl.runWorkUnderContext(SelfTuningWorkManagerImpl.java:617)
	at weblogic.work.ExecuteThread.execute(ExecuteThread.java:397)
	at weblogic.work.ExecuteThread.run(ExecuteThread.java:346)
Caused By: java.lang.reflect.MalformedParameterizedTypeException
	at sun.reflect.generics.reflectiveObjects.ParameterizedTypeImpl.validateConstructorArguments(ParameterizedTypeImpl.java:58)
	at sun.reflect.generics.reflectiveObjects.ParameterizedTypeImpl.<init>(ParameterizedTypeImpl.java:51)
	at sun.reflect.generics.reflectiveObjects.ParameterizedTypeImpl.make(ParameterizedTypeImpl.java:92)
	at sun.reflect.generics.factory.CoreReflectionFactory.makeParameterizedType(CoreReflectionFactory.java:105)
	at sun.reflect.generics.visitor.Reifier.visitClassTypeSignature(Reifier.java:140)
	at sun.reflect.generics.tree.ClassTypeSignature.accept(ClassTypeSignature.java:49)
	at sun.reflect.generics.repository.ConstructorRepository.getParameterTypes(ConstructorRepository.java:94)
	at java.lang.reflect.Executable.getGenericParameterTypes(Executable.java:283)
	at java.lang.reflect.Constructor.getGenericParameterTypes(Constructor.java:234)
	at org.jboss.weld.annotated.slim.backed.BackedAnnotatedConstructor.initParameters(BackedAnnotatedConstructor.java:45)
	at org.jboss.weld.annotated.slim.backed.BackedAnnotatedConstructor.initParameters(BackedAnnotatedConstructor.java:28)
	at org.jboss.weld.annotated.slim.backed.BackedAnnotatedCallable.<init>(BackedAnnotatedCallable.java:34)
	at org.jboss.weld.annotated.slim.backed.BackedAnnotatedConstructor.<init>(BackedAnnotatedConstructor.java:38)
	at org.jboss.weld.annotated.slim.backed.BackedAnnotatedConstructor.of(BackedAnnotatedConstructor.java:32)
	at org.jboss.weld.annotated.slim.backed.BackedAnnotatedType$BackedAnnotatedConstructors.computeValue(BackedAnnotatedType.java:167)
	at org.jboss.weld.annotated.slim.backed.BackedAnnotatedType$BackedAnnotatedConstructors.computeValue(BackedAnnotatedType.java:160)
	at org.jboss.weld.util.LazyValueHolder.get(LazyValueHolder.java:35)
	at org.jboss.weld.annotated.slim.backed.BackedAnnotatedType$EagerlyInitializedLazyValueHolder.<init>(BackedAnnotatedType.java:156)
	at org.jboss.weld.annotated.slim.backed.BackedAnnotatedType$BackedAnnotatedConstructors.<init>(BackedAnnotatedType.java:160)
	at org.jboss.weld.annotated.slim.backed.BackedAnnotatedType$BackedAnnotatedConstructors.<init>(BackedAnnotatedType.java:160)
	at org.jboss.weld.annotated.slim.backed.BackedAnnotatedType.<init>(BackedAnnotatedType.java:61)
	at org.jboss.weld.annotated.slim.backed.BackedAnnotatedType.of(BackedAnnotatedType.java:44)
	at org.jboss.weld.resources.ClassTransformer$TransformClassToBackedAnnotatedType.load(ClassTransformer.java:83)
	at org.jboss.weld.resources.ClassTransformer$TransformClassToBackedAnnotatedType.load(ClassTransformer.java:80)
	at com.google.common.cache.LocalCache$LoadingValueReference.loadFuture(LocalCache.java:3599)
	at com.google.common.cache.LocalCache$Segment.loadSync(LocalCache.java:2379)
	at com.google.common.cache.LocalCache$Segment.lockedGetOrLoad(LocalCache.java:2342)
	at com.google.common.cache.LocalCache$Segment.get(LocalCache.java:2257)
	at com.google.common.cache.LocalCache.get(LocalCache.java:4000)
	at com.google.common.cache.LocalCache.getOrLoad(LocalCache.java:4004)
	at com.google.common.cache.LocalCache$LocalLoadingCache.get(LocalCache.java:4874)
	at org.jboss.weld.util.cache.LoadingCacheUtils.getCacheValue(LoadingCacheUtils.java:49)
	at org.jboss.weld.util.cache.LoadingCacheUtils.getCastCacheValue(LoadingCacheUtils.java:74)
	at org.jboss.weld.resources.ClassTransformer.getBackedAnnotatedType(ClassTransformer.java:175)
	at org.jboss.weld.resources.ClassTransformer.getBackedAnnotatedType(ClassTransformer.java:194)
	at org.jboss.weld.bootstrap.AnnotatedTypeLoader.loadAnnotatedType(AnnotatedTypeLoader.java:78)
	at org.jboss.weld.bootstrap.AnnotatedTypeLoader.loadAnnotatedType(AnnotatedTypeLoader.java:60)
	at org.jboss.weld.bootstrap.BeanDeployer.addClass(BeanDeployer.java:97)
	at org.jboss.weld.bootstrap.BeanDeployer.addClasses(BeanDeployer.java:135)
	at org.jboss.weld.bootstrap.BeanDeployment.createClasses(BeanDeployment.java:203)
	at org.jboss.weld.bootstrap.WeldStartup.startInitialization(WeldStartup.java:374)
	at org.jboss.weld.bootstrap.WeldBootstrap.startInitialization(WeldBootstrap.java:76)
	at com.oracle.injection.provider.weld.WeldInjectionContainer.initialize(WeldInjectionContainer.java:94)
	at com.oracle.injection.integration.CDIAppDeploymentExtension.initCdi(CDIAppDeploymentExtension.java:64)
	at com.oracle.injection.integration.CDIAppDeploymentExtension.activate(CDIAppDeploymentExtension.java:41)
	at weblogic.application.internal.flow.AppDeploymentExtensionFlow.activate(AppDeploymentExtensionFlow.java:39)
	at weblogic.application.internal.BaseDeployment$2.next(BaseDeployment.java:753)
	at weblogic.application.utils.StateMachineDriver.nextState(StateMachineDriver.java:45)
	at weblogic.application.internal.BaseDeployment.activate(BaseDeployment.java:263)
	at weblogic.application.internal.SingleModuleDeployment.activate(SingleModuleDeployment.java:53)
	at weblogic.application.internal.DeploymentStateChecker.activate(DeploymentStateChecker.java:165)
	at weblogic.deploy.internal.targetserver.AppContainerInvoker.activate(AppContainerInvoker.java:80)
	at weblogic.deploy.internal.targetserver.BasicDeployment.activate(BasicDeployment.java:265)
	at weblogic.deploy.internal.targetserver.BasicDeployment.activateFromServerLifecycle(BasicDeployment.java:481)
	at weblogic.management.deploy.internal.DeploymentAdapter$1.doActivate(DeploymentAdapter.java:53)
	at weblogic.management.deploy.internal.DeploymentAdapter.activate(DeploymentAdapter.java:202)
	at weblogic.management.deploy.internal.AppTransition$2.transitionApp(AppTransition.java:52)
	at weblogic.management.deploy.internal.ConfiguredDeployments$2.doItem(ConfiguredDeployments.java:592)
	at weblogic.management.deploy.internal.parallel.BucketInvoker.invoke(BucketInvoker.java:138)
	at weblogic.management.deploy.internal.ConfiguredDeployments.transitionAppsParallel(ConfiguredDeployments.java:600)
	at weblogic.management.deploy.internal.ConfiguredDeployments.activate(ConfiguredDeployments.java:259)
	at weblogic.management.deploy.internal.ConfiguredDeployments.deploy(ConfiguredDeployments.java:155)
	at weblogic.management.deploy.internal.DeploymentServerService.resume(DeploymentServerService.java:221)
	at weblogic.management.deploy.internal.DeploymentServerService.start(DeploymentServerService.java:130)
	at weblogic.server.AbstractServerService.postConstruct(AbstractServerService.java:76)
	at sun.reflect.GeneratedMethodAccessor5.invoke(Unknown Source)
	at sun.reflect.DelegatingMethodAccessorImpl.invoke(DelegatingMethodAccessorImpl.java:43)
	at java.lang.reflect.Method.invoke(Method.java:498)
	at org.glassfish.hk2.utilities.reflection.ReflectionHelper.invoke(ReflectionHelper.java:1262)
	at org.jvnet.hk2.internal.ClazzCreator.postConstructMe(ClazzCreator.java:332)
	at org.jvnet.hk2.internal.ClazzCreator.create(ClazzCreator.java:374)
	at org.jvnet.hk2.internal.SystemDescriptor.create(SystemDescriptor.java:471)
	at org.glassfish.hk2.runlevel.internal.AsyncRunLevelContext.findOrCreate(AsyncRunLevelContext.java:228)
	at org.glassfish.hk2.runlevel.RunLevelContext.findOrCreate(RunLevelContext.java:85)
	at org.jvnet.hk2.internal.Utilities.createService(Utilities.java:2072)
	at org.jvnet.hk2.internal.ServiceHandleImpl.getService(ServiceHandleImpl.java:114)
	at org.jvnet.hk2.internal.ServiceLocatorImpl.getService(ServiceLocatorImpl.java:698)
	at org.jvnet.hk2.internal.ThreeThirtyResolver.resolve(ThreeThirtyResolver.java:78)
	at org.jvnet.hk2.internal.ClazzCreator.resolve(ClazzCreator.java:211)
	at org.jvnet.hk2.internal.ClazzCreator.resolveAllDependencies(ClazzCreator.java:234)
	at org.jvnet.hk2.internal.ClazzCreator.create(ClazzCreator.java:357)
	at org.jvnet.hk2.internal.SystemDescriptor.create(SystemDescriptor.java:471)
	at org.glassfish.hk2.runlevel.internal.AsyncRunLevelContext.findOrCreate(AsyncRunLevelContext.java:228)
	at org.glassfish.hk2.runlevel.RunLevelContext.findOrCreate(RunLevelContext.java:85)
	at org.jvnet.hk2.internal.Utilities.createService(Utilities.java:2072)
	at org.jvnet.hk2.internal.ServiceHandleImpl.getService(ServiceHandleImpl.java:114)
	at org.jvnet.hk2.internal.ServiceHandleImpl.getService(ServiceHandleImpl.java:88)
	at org.glassfish.hk2.runlevel.internal.CurrentTaskFuture$QueueRunner.oneJob(CurrentTaskFuture.java:1213)
	at org.glassfish.hk2.runlevel.internal.CurrentTaskFuture$QueueRunner.run(CurrentTaskFuture.java:1144)
	at weblogic.work.SelfTuningWorkManagerImpl$WorkAdapterImpl.run(SelfTuningWorkManagerImpl.java:643)
	at weblogic.invocation.ComponentInvocationContextManager._runAs(ComponentInvocationContextManager.java:348)
	at weblogic.invocation.ComponentInvocationContextManager.runAs(ComponentInvocationContextManager.java:333)
	at weblogic.work.LivePartitionUtility.doRunWorkUnderContext(LivePartitionUtility.java:54)
	at weblogic.work.PartitionUtility.runWorkUnderContext(PartitionUtility.java:41)
	at weblogic.work.SelfTuningWorkManagerImpl.runWorkUnderContext(SelfTuningWorkManagerImpl.java:617)
	at weblogic.work.ExecuteThread.execute(ExecuteThread.java:397)
	at weblogic.work.ExecuteThread.run(ExecuteThread.java:346)